Net-only mode, no RTL device or file open.
Found 1 device(s):
0: Realtek, RTL2838UHIDIR, SN: 00000001 (currently selected)
Found Rafael Micro R820T tuner
Max available gain is: 49.60
Setting gain to: 49.60
Exact sample rate is: 2000000.052982 Hz
Gain reported by device: 49.60
*8c51009a3a8a5269b7b7f4480fc4;
*8c51009a426a242c050ba39994ae;
*8d3c66b5580d719da68692cdc4bd;
Found 1 device(s):
0: Realtek, RTL2838UHIDIR, SN: 00000001 (currently selected)
Found Rafael Micro R820T tuner
Max available gain is: 49.60
Setting gain to: 49.60
Exact sample rate is: 2000000.052982 Hz
Gain reported by device: 49.60
*8d51009a5807f199d66d31318dbe;
*8d51009a58092199d26cffeca471;
*8d51009a990ca181108c0591ad1d;
*8d51009a990ca180f08c0660388a;
*8d51009a990ca280f08c059acfca;
*20000117205bb9;
*5d51009a39057e;
*8d51009a990ca281108c0594b24f;
*8d51009aea07e876e11c00cccad0;
*5d51009a39057e;
*8d51009af803000600487817f055;
*8d51009a990ca28150ac05200e14;
*20000190d88d5d;
*28000c0fc6821c;
*8d51009af803000600487817f055;
*8d51009a990ca28170a806a2ac2f;
*8d51009a580d050a5840ad8282e7;
*8d51009aea07e876e11c00cccad0;
*8d51009a990ca28170a8055d443d;
*8d51009a23092578d30820e9b393;
*8d51009a580d1199b46be75fecc2;
*8d51009a990ca38190a406cc7c37;
*8d51009a580d250a56409e5f49d3;
*5d51009a39057e;
*8d51009aea07e876e11c00cccad0;
*8d51009a990ca38190a806842637;
*a000019420092578d30820c350fa;
*8d51009a990ca38190ac0543f825;
*5d51009a39057e;
*8d51009a580d4199b06bcd9b0f61;
*a8000c0f20092578d3082089997b;
*8d51009af803000600487817f055;
*8d51009a990ca38190ac06bc1037;
*8d51009aea07e876e11c00cccad0;
*8d51009a580d5199b06bc45427e4;
*5d51009a39057e;
*8d51009a580d650a52407b502378;
*a8000c0f20092578d3082089997b;
*20000196d8a970;
*20000196d8a970;
*28000c0fc6821c;
*5d51009a39057e;
*8d51009a990ca38170b4060924e1;
*a8000c0f20092578d3082089997b;
*5d51009a39057e;
*02460199569415;
*8d51009aea09d876e11c00f51733;
*8d51009a580db199aa6b91d9bfb0;
*28000c0fc6821c;
*8d51009af8230006004878b3868c;
*8d51009aea09d877291c08d0c4fb;
*2000019ed8d91c;
*8d51009a580df50a46401e0d876a;
*2000019f272d15;
*8d51009a998ca681707c059dde4c;
*8f51009a580f050a4440105af4dd;
*202001b163c4cd;
*8f51009a998ca781708405055e4d;
*8f51009a580f150a424000464163;
*202001b163c4cd;
*a8200c0f10030a80ed0000330340;
*8f51009a998ca781708c0575324d;
*a02001b2db195910e1fc451298f7;
*a02001b210030a80ed0000a4060c;
*8f51009a580f31999e6b2c5084a2;
*a8200c0f20092578d30820829754;
*5f51009a6effd8;
*8f51009a998ca701f0a00617459c;
*a8200c0f20092578d30820829754;
*8f51009aea09d877f31c08a8946e;
*8f51009a998ca603b09c07a07fa6;
*8f51009a580fe50a503f82963a18;
*8f51009a58110199b66aad19b941;
*2020021177153d;
*8f51009a23092578d30820595163;
*a020021210030a80ed000085faf6;
*20200217773110;
*8f51009af823000600487803647c;
*8f51009a990c940bb0a005509ce6;
*8f51009aea09d877f31c08a8946e;
*8d51009a5811c19a306a31ac2fa4;
*a8000c0f20092578d3082089997b;
*2000021d32214e;
*8d51009a990c8e0cf09805396bf8;
*8d51009a5811e50ae63eed4e1b49;
*5d51009a39057e;
*2000021f323d55;
*a8000c0f20092578d3082089997b;
*8d51009a990c850e909c0784761c;
*8d51009af8230006004878b3868c;
*8d51009a990c850e90980643b415;
*28000c0fc6821c;
*8d51009a5813019a666a117b3374;
*a8000c0f20092578d3082089997b;
*a000023189c80030cc0000e9e83f;
*a8000c0f921dd71622ac5900aabb;
*a0000231ebf95510e204497c5cda;
*8d51009a990c7f0f70980745abdc;
*8d51009a5813150b123ed5574f58;
*8d51009a990c7910509807c6cc52;
*8d51009a5813319a8a6a00a9a15f;
*a8000c0f20092578d3082089997b;
*8d51009a990c7311109c0741bcbf;
*8d51009aea09d877f31c0818769e;
*8d51009a5813519ab469ef38da70;
*20000235339092;
*a8000c0f20092578d3082089997b;
*8d51009a5813650b623eb42b7f4a;
*a8000c0f20092578d3082089997b;
*8d51009a5813850b803eaacc9ace;
*5d51009a39057e;
*8d51009aea09d877f31c0818769e;
*a000023989c80030cc0000e0d13d;
*a8000c0f913e7d1662ac58afbc33;
*a0000239f0b95310e2ec58bc7d8f;
*a8000c0f20092578d3082089997b;
*8d51009a990c5d1330b4076e232d;
*a8000c0f20092578d3082089997b;
*8d51009a5813b50bb03e9bfb82b6;
*8d51009aea09d877d31c085d0ab7;
*2000023b33c4d3;
*8d51009a5813c19b2269cb435877;
*8d51009a990c5a1370b005d5c50e;
*2000023d33e0fe;
*2000023d33e0fe;
*28000c0fc6821c;
*a8000c0f20092578d3082089997b;
*2000023f33fce5;
*8d51009a5813f50bf03e8bb329bc;
*8d51009ae10c0f000000006a3f43;
*5d51009a39057e;
*8d51009a5815019b6469bc9ec371;
*a8000c0f20092578d3082089997b;
*8d51009a5815050c0e3e850d0dd2;
*5d51009a39057e;
*8d51009a5815150c1e3e821f3506;
*8d51009a990c471490a8066b3015;
*a000029189c80030cc00005e9c17;
*a0000292f4e94f10a29c51e63c5a;
*8d51009aea09d877d31c085d0ab7;
*20000292ca87c6;
*8d51009a990c4114f0a406e6d0ca;
*5d51009a39057e;
*8d51009a990c4114f0a006dee6ca;
*8d51009aea09d877d31c085d0ab7;
*8d51009a990c3b15309c0771d02a;
*8d51009a5815550c623e7693291f;
*5d51009a39057e;
*8d51009a990c3b15309c068e2423;
*8d51009a5815550c6e3e74cac608;
*20000296cabff0;
*a8000c0f20092578d3082089997b;
*8d51009af8230006004878b3868c;
*8d51009aea09d877d31c085d0ab7;
*8d51009a5815619be469a6d7a133;
*8d51009a990c351590a006a5f27a;
*8d51009a5815719bf669a3de2d7e;
*8d51009a5815819c0869a15e893d;
*8d51009a990c2a15f0b006ab60fb;
*a8000c0f20092578d3082089997b;
*8d51009af8230006004878b3868c;
*8d51009a990c261610b406deac90;
*8d51009a5815a50cd83e687d7e31;
*28000c0fc6821c;
*a8000c0f20092578d3082089997b;
*8d51009a5815b19c4e699ba830d6;
*8d51009a990c1f1650b407e10955;
*8d51009a990c1f1650b80656a75c;
*8d51009a5815c19c6469990b1cce;
*8d51009a990c191670b40651bfd1;
*a8000c0f20092578d3082089997b;
*2000029f353b95;
*a8000c0f20092578d3082089997b;
*8d51009a990c131690a806c2feeb;
*200002b0cb5a6d;
*8d51009aea09d877d31c085d0ab7;
*5d51009a39057e;
*8d51009a990c0e16b0a0072fc1ad;
*8d51009a5817150d5a3e62999d3e;
*200002b2cb4676;
*200002b2cb4676;
*a8000c0f20092578d3082089997b;
*8d51009a5817219cd86995ec5a68;
*a8000c0f865fdd16a0c45636f450;
*a00002b2fb294710627c462ecb91;
*8d51009a5817319ce8699544ceb1;
*5d51009a39057e;
*8d51009a990c0b16b088076ec852;
*8d51009aea09d877d31c085d0ab7;
*8d51009af8230006004878b3868c;
*200002b334b27f;
*8d51009a990c0b16b08406d9665b;
*8d51009a5817319cfa69947dd62a;
*8d51009a23092578d30820e9b393;
*028602b4da0389;
*8d51009a990c0916d08007d735b5;
*5d51009a39057e;
*8d51009aea09d877d31c085d0ab7;
*8d51009a990c0916d07c063b9f83;
*8d51009a5817519d1e6994e710eb;
*200002b5349652;
*8d51009a990c0716f07807ab4977;
*8d51009a5817550dc63e60358114;
*a8000c0f20092578d3082089997b;
*8d51009a990c0716f0780654bd7e;
*200002b6cb7e40;
*8d51009a5817619d466993702ba5;
*8d51009af8230006004878b3868c;
*8d51009a990c0617107807a63e3c;
*200002b7348a49;
*5d51009a39057e;
*8d51009ae10c0f000000006a3f43;
*8d51009a990c061710780659ca35;
*200002b7348a49;
*8d51009aea09d877d31c085d0ab7;
*8d51009a990c0617107c079e083c;
*8d51009a5817850e103e5faecac1;
*5d51009a39057e;
*8d51009a990c0617107c0661fc35;
*a00002b989c80030cc000073411d;
*a8000c0ffd9fef173f9c57d7c17e;
*a00002b9fb194d10e1b43b47faab;
*8d51009a5817919d8e69926854f2;
*8d51009a990c0717307807e048db;
*8d51009aea09d877d31c085d0ab7;
*8d51009a5817950e343e5fec4b0c;
*a8000c0f20092578d3082089997b;
*8d51009a990c07173078061fbcd2;
*200002bacb361a;
*8d51009a23092578d30820e9b393;
*8d51009a990c081750740776f4ba;
*5d51009a39057e;
*8d51009a990c08175074068900b3;
*8d51009a5817b50e6c3e5e4bf88f;
*8d51009a990c091750740775fe74;
*200002bccb1237;
*28000c0fc6821c;
*8d51009a5817c19dee699055d3f2;
*8d51009a990c09175074068a0a7d;
*5d51009a39057e;
*8d51009aea09d877d91c0828003d;
*a8000c0f20092578d3082089997b;
*200002bccb1237;
*8d51009af8230006004878b3868c;
*8d51009a5817d19e04699049f2bb;
*8d51009a5817d50eaa3e5ca40bad;
*8d51009ae10c0f000000006a3f43;
*8d51009a990c0a17707407359d0f;
*a8000c0f20092578d3082089997b;
*8d51009aea09d877d91c0828003d;
*8d51009a5817e50ebc3e5c04431b;
*a00002befa59551161cc386ff867;
*8d51009a5817e50ed03e5b6de448;
*5d51009a39057e;
*200002bf34fa25;
*8d51009a5817f19e50698db71ab6;
*8d51009a990c0d179078075173b3;
*8d51009aea09d877d91c0828003d;
*8d51009af8230006004878b3868c;
*8d51009a5819050ef03e5a663de2;
*20000310c3909d;
*5d51009a39057e;
*a8000c0f20092578d3082089997b;
*8d51009a5819019e72698c97c77e;
*20000310c3909d;
*28000c0fc6821c;
*8d51009a23092578d30820e9b393;
*8d51009a990c0e17b078071110c8;
*8d51009a5819119e82698c5faf58;
*8d51009aea09d877d31c085d0ab7;
*8d51009a990c0e17b07806eee4c1;
*200003113c6494;
*a8000c0f20092578d3082089997b;
*8d51009a5819150f263e58ec3123;
*8d51009a990c0e17b078071110c8;
*8d51009a990c0e17b07c06d6d2c1;
*5d51009a39057e;
*8d51009a990c0f17d07c07e5a87d;
*8d51009a990c0f17d07c061a5c74;
*8d51009a5819450f6c3e56e188da;
*8d51009a990c1017f07807b92cae;
*a000031489c80030cc00006f9edd;
*a8000c0f20092578d3082089997b;
*8d51009a990c1018107807ef4050;
*8d51009a5819650fa63e536aeb50;
*8d51009aea09d877d31c085d0ab7;
*8d51009af8230006004878b3868c;
*a8000c0f20092578d3082089997b;
*20000316c3b4b0;
*8d51009a5819619f2e6985ee1b46;
*5d51009a39057e;
*8d51009a990c101850780765b802;
*5d51009a39057e;
*200003193c14f8;
*8d51009a990c10185074072de202;
*5d51009a39057e;
*a8000c0f80ffd11860245e5d7b40;
*a000031af9d96112220c3836bda2;
*8d51009a990c0f187074074950d1;
Found 1 device(s):
0: Realtek, RTL2838UHIDIR, SN: 00000001 (currently selected)
Found Rafael Micro R820T tuner
Max available gain is: 49.60
Setting gain to: 49.60
Exact sample rate is: 2000000.052982 Hz
Gain reported by device: 49.60
*8d8964d0f80100020049b815b28b;
*8d8964d058095199ca6cf4811b28;
*8d8964d0990ca981b0cc06176476;
*5d8964d0930a95;
*02410117a88f19;
*8d8964d0ea07e876e13c00400946;
*20000119f86bb2;
*a8001ead201840b45ce8203cb499;
*02410119a8db58;
*8d8964d05809a199c46cca2be026;
*8d8964d0990ca981d0b405f57004;
*8d8964d0f80100020049b815b28b;
*2000011bf877a9;
*8d8964d05809b199c26cc037d937;
*8d8964d0990ca981d0ac069a2c16;
*a8001ead201840b45ce8203cb499;
*02460135887f75;
*8d8964d0580b550a564125b7f2cd;
*2000013a064210;
*8d8964d0580ba50a4e40f5e7a984;
*8d8964d0990caa81f0c406e8ef76;
*a8001ead201840b45ce8203cb499;
*a0000190201840b45ce8200485ad;
*a8001eadfe81c30000000044daef;
*a00001900000000000000018d029;
*8d8964d0ea07e876e13c00400946;
*8d8964d0580d050a4840c5ef73d4;
*8d8964d0990caa81f0d004301d6d;
*02410191afadf4;
*8d8964d0990caa81d0cc0522174d;
*8d8964d0580d2199a26bfab27f60;
*8d8964d0990caa81d0c804e5d544;
*8d8964d0ea07e876e13c00400946;
*02410193afb1ef;
*5d8964d0930a95;
*8d8964d0ea07e876e13c00400946;
*5d8964d0930a95;
*8d8964d0580d650a42409cc574c3;
*8d8964d0990caa81d0c0056a4d4d;
*a8001ead201840b45ce8203cb499;
*8d8964d0990caa81d0c00495b944;
*02410197af89d9;
*a0000198201840b45ce8200dbcaf;
*a8001eadfe81c30000000044daef;
*a00001980000000000000011e92b;
*8d8964d0990cab81b0b80574bbe3;
*2000019800997b;
*28001eade4fe3d;
*8d8964d0580d950a3e4082672694;
*8d8964d0580da50a3c407828b389;
*8d8964d0990cab81b0b4053ce1e3;
*a8001ead201840b45ce8203cb499;
*8d8964d0ea07e876e13c00400946;
*0261819b13ad8e;
*8f8964d0580db50a3a4070847473;
*0261819b13ad8e;
*a8281ead201840b45ce820b57e3b;
*8f8964d0580dc199946ba26c36b2;
*0261819d1389a3;
*8f8964d0f82100020049b80126a2;
*a8281ead201840b45ce820b57e3b;
*8f8964d0990caa81b0ac04e049d4;
*0261819eec61b1;
*a02801b087d43eb0cc00007b3cae;
*a8281eadffbbd115202457e94066;
*202801b1d5028f;
*a8281ead201840b45ce820b57e3b;
*8f8964d0580f21998e6b71f33426;
*026181b2ede85b;
*202801b3d51e94;
*8f8964d0580f350a2e4023fdc1e9;
*026181b4edcc76;
*a8281ead201840b45ce820b57e3b;
*8f8964d0580f550a2c4012bb564a;
*8f8964d0990ca881b08405578048;
*026181b512387f;
*a8281ead10030a80f50000ac21ab;
*8f8964d0f82100020049b80126a2;
*8f8964d0e11ead00000000cdfc3c;
*202801b62ad2ab;
*202801bbd56ef8;
*8f8964d0580fb50a223fcd23e926;
*5f8964d0c4f033;
*8f8964d0990caa81d09c06f14dbd;
*026181bcedbc1a;
*8f8964d0f82100020049b80126a2;
*202801bdd54ad5;
*8f8964d0580fe50a1c3facf62328;
*8f8964d0ea07e876e13c08f09bda;
*0261821506e98f;
*0261821506e98f;
*02618216f9019d;
*8f8964d0ea07e876e13c08f09bda;
*8f8964d0990caa81d0a006678bb4;
*a8281ead10030a80f50000ac21ab;
*a8281ead201840b45ce820b57e3b;
*20280217c1f752;
*8d8964d058119199686a7a55b5fa;
*20000219ea7d32;
*0261821906a1d5;
*5d8964d0930a95;
*8d8964d05811a50a0a3f32b7943c;
*8d8964d0990caa81b09406fe4736;
*8d8964d05811c199646a5aff9826;
*8d8964d0990cab81b08c066df9f8;
*2000021c15b10d;
*28001eade4fe3d;
*a8001ead201840b45ce8203cb499;
*a000021eb4c59670cc0000559357;
*a8001ead805bd51560245cc59b6f;
*a8001ead201840b45ce8203cb499;
*5d8964d0930a95;
*02618230f8e400;
*8d8964d0581301995c6a275984e8;
*02618231071009;
*8d8964d0581321995a6a14eaedd4;
*200002321424fc;
*20000233ebd0f5;
*28001eade4fe3d;
*8d8964d058134199586a04524fce;
*a8001ead201840b45ce8203cb499;
*8d8964d0e11ead000000007d1ecc;
*a8001ead201840b45ce8203cb499;
*20000236141cca;
*a0000236b4c5a630cc0000d683ca;
*a8001eadfdbbd7157fd45b6eca6f;
*a0000236da396111a26458d058f2;
*8d8964d0ea34d876e13c08f8a584;
*8d8964d0581371995469e44d1b72;
*5d8964d0930a95;
*8d8964d0ea34d876e13c08f8a584;
*8d8964d0ea34d876e13c08f8a584;
*5d8964d0930a95;
*20000295ed33a8;
*5d8964d0930a95;
*a0000296b4c5a630cc000061f7e2;
*a8001eadf3db65153e045a67bf28;
*a0000296d619591162743c655711;
*2000029612dbba;
*28001eade4fe3d;
*8d8964d05815619920694d9fad9f;
*8d8964d0998ca385308006e9c316;
*a8001ead201840b45ce8203cb499;
*20000297ed2fb3;
Found 1 device(s):
0: Realtek, RTL2838UHIDIR, SN: 00000001 (currently selected)
Found Rafael Micro R820T tuner
Max available gain is: 49.60
Setting gain to: 49.60
Exact sample rate is: 2000000.052982 Hz
Gain reported by device: 49.60
*5d8964d0930a95;
*a8001ead201840b45ce8203cb499;
*8d8964d0f82100020049b8b1c452;
*5d8964d0930a95;
*8d8964d0581f218e946843394945;
*8d8964d0990c049db08c072887d4;
*8d8964d0581f64fee23d185ce549;
*200003b81d43cb;
*a8001ead201840b45ce8203cb499;
*8d8964d0990c059dd0bc06c56161;
*200003b9e2b7c2;
*8d8964d0990c069dd0d006cae828;
*200003be1d67e6;
*8d8964d0990c079dd0d806b98ee6;
*a8001ead201840b45ce8203cb499;
*5d8964d0930a95;
*8d8964d05821018d28683f6cadc8;
*5d471f4f89852f;
*8d471f4f5807e50a7e42168308eb;
*0241011366ccb0;
*5d471f4f89852f;
*a8000684205da6b6cb8e608b4b31;
*20000115365877;
*0241011699008f;
*8d471f4f99449f81809c81f4e508;
*8d471f4f58097199cc6cf7965e46;
*8d471f4f5809950a6e419eb042b4;
*8d471f4f5809b199c66cd15a91d8;
*8d471f4f5809c50a68417c6bfc59;
*20000132c849e3;
*a8000684205da6b6cb8e608b4b31;
*8d471f4f99449d8160b083a17250;
*8d471f4f580b3199c06c991ab076;
*20000134c86dce;
*a000013510010080e9000091dff4;
*28000684447477;
*5d471f4f89852f;
*8d471f4f580b550a60413fa6b2e7;
*8d471f4f205da6b6cb8e60e09203;
*5d471f4f89852f;
*8d471f4f99449d8140b8826b9670;
*8d471f4f580bb199b86c571890fd;
*8d471f4f99449d8140c082b9ee6b;
*a8000684205da6b6cb8e608b4b31;
*5d471f4f89852f;
*8d471f4f99449d8160c482c4a442;
*2000013ec801b9;
*a8000684205da6b6cb8e608b4b31;
*a8000684fa8101000000005dee25;
*a000013e0000000000000091ce59;
*0241013e98b153;
*8d471f4f580bf199b46c35818eba;
*8d471f4f99449d8160c482c4a442;
*20000190ce9288;
*5d471f4f89852f;
*a8000684205da6b6cb8e608b4b31;
*02460192bf13be;
*024101929e3e79;
*8d471f4f99449d8160c8828cfe42;
*8d471f4f580d4199b06c15a2b050;
*5d471f4f89852f;
*8d471f4f99449d8160c8828cfe42;
*8d471f4f580d650a5040c2a5a292;
*a8000684205da6b6cb8e608b4b31;
*5d471f4f89852f;
*8d471f4f580d8199ac6bf64eab47;
*28000684447477;
*a8000684803bd913bffc510b23fb;
*a0000198db093d0f631c615a4cc6;
*2000019acefeff;
*a8000684205da6b6cb8e608b4b31;
*8d471f4f99449c8140cc82f2bea5;
*8d471f4f580dc199a86bd4ba9468;
*a8280684205da6b6cb8e60028193;
*2028019d1af0fa;
*8f471f4f99449c8140cc81bdb447;
*8f471f4f580de50a4a40833bea98;
*a8280684205da6b6cb8e60028193;
*8f471f4f99449b8140cc824b683f;
*202801b0e48d19;
*a828068410010080ed00003d3e63;
*202801b11b7910;
*5f471f4fde7f89;
*8f471f4f580f2199a26ba94ea32d;
*a02801b2db193b0f62a45600d5c6;
*a02801b210010080ed00003b2695;
*8f471f4f580f2199a26ba0b12748;
*202801b2e49102;
*026181b3dc67cd;
*8f471f4f99449b8140c081fcda2d;
*5f471f4fde7f89;
*a8280684205da6b6cb8e60028193;
*8f471f4f99449c8120b0019f78e7;
*202801b6e4a934;
*8f471f4f99c49e81209002c9061f;
*5f471f4fde7f89;
*202801b8e4fd75;
*5f471f4fde7f89;
*a02801b9b2c80030cc00004aa158;
*8f471f4f580f91999a6b5b96e7e6;
*a8280684ff1bdf13ffdc523907cf;
*a02801b9db293f0fa1c43346dce3;
*8f471f4f99c49f812080022ad4d1;
*202801b91b097c;
*a8280684205da6b6cb8e60028193;
*026181ba23e3a8;
*5f471f4fde7f89;
*8f471f4f580fa50a3c4009d5b26f;
*8f471f4f99c4a081407402c6f5af;
*8f471f4f580fa50a3c4003d5de18;
*8f471f4f205da6b6cb8e605070f3;
*202801bae4e16e;
*8f471f4f99c4a181406c03aabf68;
*a8280684205da6b6cb8e60028193;
*a828068410010080ed00003d3e63;
*5f471f4fde7f89;
*8f471f4f99c4a181406c02554b61;
*a8280684205da6b6cb8e60028193;
*8f471f4f580fc199966b3b3f495a;
*8f471f4f99c4a181406c02554b61;
*026181bc23c785;
*a8280684205da6b6cb8e60028193;
*a02801bedb79491021c43764974b;
*a02801be10010080ed0000368316;
*026181bfdc2f97;
*a828068410010080ed00003d3e63;
*026181bfdc2f97;
*8f471f4f99c4a5816070814c70a2;
*8f471f4f5811050a323fbdb78d86;
*a8280684205da6b6cb8e60028193;
*20280212f040f2;
*8f471f4f581121998c6ae27e7bbf;
*8f471f4f581131998c6adbb07252;
*a8280684205da6b6cb8e60028193;
*8f471f4f5811450a2e3f8ff0b469;
*a828068410010080ed00003d3e63;
*20280214f064df;
*8f471f4f99c4a980e08001c5f6eb;
*8f471f4f581151998a6ab6c29f17;
*20000215244ef7;
*a8000684205da6b6cb8e608b4b31;
*02660216ef47e1;
*a8000684205da6b6cb8e608b4b31;
*8d471f4f5811b199926a721c5f20;
*0261821bc8c651;
*2000021b241ab6;
*2000021cdbca92;
*a8000684205da6b6cb8e608b4b31;
*2000021edbd689;
*28000684447477;
*8d471f4f5811e199a26a3d8a5b51;
*8d471f4f9944b003a080033845e1;
*5d471f4f89852f;
*8d471f4f9944b1040078036cad2d;
*a8000684fffc7516bff45cbc8e35;
*8d471f4f5813150a543ee033d42d;
*5d471f4f89852f;
*a8000684205da6b6cb8e608b4b31;
*02618232368384;
*02618232368384;
*20000232da5f63;
*02660233114a6e;
*5d471f4f89852f;
*a8000684205da6b6cb8e608b4b31;
*2000023325ab6a;
*8d471f4f58134199c669dd6bae5a;
*8d471f4f9944b604406c03378f15;
*a8000684205da6b6cb8e608b4b31;
*5d471f4f89852f;
*5d471f4f89852f;
*8d471f4f9944b80420700342e1ba;
*20000236da6755;
*a8000684205da6b6cb8e608b4b31;
*20000236da6755;
*28000684447477;
*8d471f4f9944ba04206c03ec7626;
*8d471f4f5813750a7c3e6ebcb2cd;
*5d471f4f89852f;
*2000023725935c;
*a8000684205da6b6cb8e608b4b31;
*0261823836eff3;
*8d471f4f9944ba04206c0213822f;
*8d471f4f5813950a7e3e6b81af39;
*5d471f4f89852f;
*8d471f4f9944bb04206c021088e1;
*a8000684205da6b6cb8e608b4b31;
*8d471f4f9944bb04206c021088e1;
*5d471f4f89852f;
*8d471f4f5813a199e4698410e465;
*5d471f4f89852f;
*8d471f4f5813a199e8697c4cc3cd;
*a000023bb2c80030cc00003bc74c;
*a8000684febc7117ffec62eb0269;
*a000023be0097712a1c433e24b9b;
*2000023b25db06;
*a8000684205da6b6cb8e608b4b31;
*8d471f4f5813b50a8e3e3f1b69b1;
*8d471f4f9944be0420640390311e;
*5d471f4f89852f;
*8d471f4f5813c199f069625c7b0c;
*a8000684205da6b6cb8e608b4b31;
*2000023cda0b22;
*8d471f4f9944bf04206c03e357d0;
*5d471f4f89852f;
*8d471f4f5813d199f66953befb0b;
*a8000684205da6b6cb8e608b4b31;
*8d471f4f205da6b6cb8e60e09203;
*8d471f4f5813e199fe693c7c4ebb;
*5d471f4f89852f;
*8d471f4f5813e19a006934baa66a;
*8d471f4f9944c104206c036279a4;
*28000684447477;
*5d471f4f89852f;
*2000023f25e330;
*a8000684205da6b6cb8e608b4b31;
*a0000290b2c80030cc000006e400;
*8d471f4f5815050aac3de9464491;
*8d471f4f9944c304206c029b9831;
*8d471f4f9944c304206c029b9831;
*8d471f4f5815019a0e6909e1d1e1;
*8d471f4f9944c404406c03a2dc29;
*5d471f4f89852f;
*8d471f4f5815250aba3dbfd5e752;
*5d471f4f89852f;
*a8000684205da6b6cb8e608b4b31;
*0281829215c422;
*28000684447477;
*a8000684205da6b6cb8e608b4b31;
*8d471f4f9944c804406003fefb61;
*a8000684205da6b6cb8e608b4b31;
*8d471f4f5815450aca3d909aac81;
*8d471f4f9944ca044054031e44f4;
*a0000294b2c80030cc0000027881;
*8d471f4f5815450acc3d894931ba;
*8d471f4f5815550ad63d6dd4afe6;
*a8000684205da6b6cb8e608b4b31;
*8d471f4f5815550ad83d65968404;
*20000295234837;
*20000296dca025;
*a8000684205da6b6cb8e608b4b31;
*0281829615fc14;
*8d471f4f5815650ae43d44f88fa8;
*5d471f4f89852f;
*8d471f4f9944d204a04c047c5a96;
*a8000684205da6b6cb8e608b4b31;
*5d471f4f89852f;
*8d471f4f5815819a50684a7cc3d6;
*02860298cd95b6;
*0281829815a855;
*28000684447477;
*02818299ea5c5c;
*8d471f4f9944d904c068035735e2;
*0281829bea4047;
*8d471f4f5815b50b083cdc2e16bc;
*2000029cdccc52;
*8d471f4f5815c19a7067ef584bb0;
*2000029d23385b;
*28000684447477;
*a000029db2c80030cc0000759ba1;
*a8000684805c6f1be02474a1f6d4;
*a000029de049b91661dc3bee8b4f;
*2000029d23385b;
*8d471f4f5815d19a7667dd4523a5;
*8d471f4f9944dc04e07c03c5863d;
*2000029edcd049;
*5d471f4f89852f;
*8d471f4f5817250b263c8675b910;
*8d471f4f205da6b6cb8e60e09203;
*a8000684fedc711cbff4763ee0d3;
*a00002b3e019c316a22c4582d155;
*8d471f4f9944e105008c02298928;
*5d471f4f89852f;
*a8000684205da6b6cb8e608b4b31;
*8d471f4f9944e20500900284147a;
*200002b5228987;
*200002b722959c;
*8d471f4f9944e4050090028e2ade;
*a8000684205da6b6cb8e608b4b31;
*8d471f4f5817750b463c2a4ead21;
*a8000684205da6b6cb8e608b4b31;
*8d471f4f5817919ab06737db0516;
*8d471f4f9944e705009402b3038c;
*a8000684205da6b6cb8e608b4b31;
*8d471f4f5817a19ab6672459017a;
*808182bb5817a19ab8671b0c8c3e;
*a8000684205da6b6cb8e608b4b31;
*8d471f4f5817b50b5c3beb8f921b;
*200002bd22f9eb;
*8d471f4f5817e19ace66deec15a6;
*5d471f4f89852f;
*028183101cd379;
*5d471f4f89852f;
*028603113b1a93;
*200003112a7b41;
*8d471f4f205da6b6cb8e60e09203;
*a8000684205da6b6cb8e608b4b31;
*8d471f4f9944ee04e08c0436b29a;
*a0000311b2c80030cc0000337a4b;
*8d471f4f5819150b7c3b8bbb4ee8;
*8d471f4f9944f104e08c04177c60;
*8d471f4f5819350b883b6aef32f3;
*8d471f4f5819419af0667043072a;
*8d471f4f5819719b006640c0eaf7;
*20000318d5ff24;
*028603193b6aff;
*02818319e3571c;
*8081831a5819919b0a662296ea56;
*a8000684205da6b6cb8e608b4b31;
*8d471f4f5819b19b1266094221e9;
*5d471f4f89852f;
*5d471f4f89852f;
*8d8964d0ea34d875f53c086eb765;
*8d8964d0583774e7243cd0ec0818;
*8d8964d0990c09a3f0a8082b644e;
*a8000684205da6b6cb8e608b4b31;
*28000684447477;
*8d8964d0990c09a3f0ac0813524e;
*8d471f4f205da6b6cb8e60e09203;
*5d5081073b96d0;
*200003352b82c7;
*a800038920353273c78820acb403;
*a8000684205da6b6cb8e608b4b31;
*02c18c92dce338;
*5d471f4f89852f;
*8d471f4f581b650bd63a7013f35d;
*20000c929f475b;
*a800038920353273c78820acb403;
*20000338d43e94;
*28000684447477;
*5d471f4f89852f;
*02c18c92dce338;
*8d471f4f581bb19b406574f485df;
*20000c929f475b;
*280003899a6dec;
*8d471f4f9944fb04e0f002e355ba;
*20000c929f475b;
*2000033d2bf2ab;
*2000033d2bf2ab;
*0281833de2ae9a;
*a8000684205da6b6cb8e608b4b31;
*a8000684205da6b6cb8e608b4b31;
*8d471f4f581bd50be43a44ba1c91;
*a000033eb2c80030cc00009955a6;
*a8000684ff7c631fbfdc8729edc3;
*a000033edf89f919e40c7a62ccbd;
*20000c929f475b;
*a8000684205da6b6cb8e608b4b31;
*2000033f2beeb0;
*8d471f4f581d050bee3a2784f8c7;
*20000392d29593;
*8d471f4f581d250bf63a0f57f6c3;
*8d471f4f9944fc04c10001062595;
*a800038920353273c78820acb403;
*8d471f4f581d550bfa39fb8ac911;
*20000c929f475b;
*8d471f4f9944fb04c10c81404d3f;
*20000c929f475b;
*200003972d59ac;
*8d471f4f581d819b6664f704de75;
*a800038920353273c78820acb403;
*a8000684205da6b6cb8e608b4b31;
*5d471f4f89852f;
*02860398c39836;
*5d471f4f89852f;
*a000039bb2c80030cc000054672d;
*a8000684ff5c611fa004870c696f;
*2000039ed2ddc9;
*28000684447477;
*8d471f4f581f050c1a3995990aa2;
*200003b0d34838;
*5d471f4f89852f;
*a8000684205da6b6cb8e608b4b31;
*8d471f4f581f319b84648ef90e48;
*a8000684205da6b6cb8e608b4b31;
*5d8964d0930a95;
*8d8964d0998c09a5303009b40009;
*8d471f4f9944fb04a11802afc996;
*20000c929f475b;
*a8000684205da6b6cb8e608b4b31;
*8d471f4f9944fb04811402a2efbf;
*200003b92ccc5d;
*28000684447477;
*8d471f4f581f919b94645c3bf9f2;
*a00003b9b2c80030cc00008d3761;
*a8000684ff9c5d1fbffc87d69c23;
*028183b9e5906c;
*8d471f4f9944fb048110029ad9bf;
*8d8964d0998c09a5902c09b3fa8d;
*8d471f4f581fc50c363934c49677;
*8d471f4f581ff50c403912aabf27;
*20000411005bc1;
*a8000684205da6b6cb8e608b4b31;
*5d471f4f89852f;
*28000684447477;
*8d471f4f9944fb048108020a6dbf;
*a8000684205da6b6cb8e608b4b31;
*20000414ff97fe;
*a000071db4c5a630a80000c488a6;
*02818415c93fc6;
*a0000416b2c80030cc0000beb948;
*a8000684ff7c5b1fbfec86412693;
*a0000416dfb9ed19a3f47cf089bd;
*8d8964d05839d4e25c3cc19894bf;
*8d471f4f9944fb048104024237bf;
*20000417007fec;
*a8000684205da6b6cb8e608b4b31;
*02818417c923dd;
*5d471f4f89852f;
*8d471f4f9944fb048104024237bf;
*a8000684205da6b6cb8e608b4b31;
*20000419002bad;
*8d471f4f5821a50c5c38ab4a2664;
*5d5081073b96d0;
*8d8964d0998c09a6b04c09c84d4a;
*8d471f4f9944fc0480f805aa598f;
*5d5081073b96d0;
*a800038920353273c78820acb403;
*a8000684205da6b6cb8e608b4b31;
*20000431019a71;
*a8000684205da6b6cb8e608b4b31;
*02a184338da672;
*5d5081073b96d0;
*5d5081073b96d0;
*a0000c9200000000000000be6aa0;
*a800038900000000000000296f9a;
*5d5081073b96d0;
*5d5081073b96d0;
*20000c929f475b;
*20000c929f475b;
*5d5081073b96d0;
*20000734223b51;
*02c607354656d8;
*8d8964d0e11ead000000007d1ecc;
*8d8964d0583b54dff63cb934a60b;
*8d8964d0998c0aa7d04409594730;
*2000073622274a;
*8d8964d0990c0aa7f040084a3e6f;
*8d8964d0ea34d865f53c08d17e4e;
*8d8964d0583b74df243cb7f3bbe7;
*5d8964d0930a95;
*5d5081073b96d0;
*a8001ead201840b45ce8203cb499;
*20000737ddd343;
*28001eade4fe3d;
*a0000737b4c5a630a8000014e1e8;
*8d8964d0583b816d7e67dda22df0;
*8d8964d0990c0aa850400896aac3;
*5d8964d0930a95;
*5d5081073b96d0;
*02c60739461e82;
*8d8964d0583b916d0267dbd9965a;
*a8001ead201840b45ce8203cb499;
*02c187399e2361;
*8d8964d0583b916cce67dbcb64fa;
*5d8964d0930a95;
*20000739dd8702;
*8d8964d0ea34d865f53c08d17e4e;
*2000073a226f10;
*28001eade4fe3d;
*a0000c9300000000000000c0b082;
*a800038900000000000000296f9a;
*5d5081073b96d0;
*20000c9360b352;
*a800038920353273c78820acb403;
*8d8964d0ea34d865f53c08d17e4e;
*8d8964d0231840b45ce820401990;
*02c6073d4626b4;
*5d5081073b96d0;
*5d5081073b96d0;
*a0000c9200000000000000be6aa0;
*a0000c9200000000000000be6aa0;
*a800038920353273c78820acb403;
*5d5081073b96d0;
*a800038920353273c78820acb403;
*5d8964d0930a95;
*a8001ead201840b45ce8203cb499;
*5d5081073b96d0;
*5d8964d0930a95;
*8d8964d0ea34d865f53c08d17e4e;
*a8001ead201840b45ce8203cb499;
*a800038920353273c78820acb403;
*5d8964d0930a95;
*5d8964d0930a95;
*8d8964d0990c0aaad088092154f7;
*a0000831beaa4322222c4120e118;
*8d8964d0990c0aaaf088096428de;
*20000c9560977f;
*5d5081073b96d0;
*a800038920353273c78820acb403;
*02c18c9523331c;
*5d5081073b96d0;
*20000c9560977f;
*20000c9560977f;
*20000c9560977f;
*02c18c9523331c;
*a800038920353273c78820acb403;
*5d5081073b96d0;
*280003899a6dec;
*5d5081073b96d0;
*8d8964d0990c0aabd06c0989439b;
*20000c949f6376;
*a800038920353273c78820acb403;
*02c18c94dcc715;
*a800038920353273c78820acb403;
*20000c949f6376;
*5d5081073b96d0;
*a0000c9400000000000000474265;
*a800038900000000000000296f9a;
*a0000c9400000000000000474265;
*20000c949f6376;
*5d5081073b96d0;
*20000c949f6376;
*5d5081073b96d0;
*a800038920353273c78820acb403;
*5d5081073b96d0;
*02c18c94dcc715;
*02c58c94eb9611;
*02c58c94eb9611;
*a800038900000000000000296f9a;
*a0000c9400000000000000474265;
*5d5081073b96d0;
*20000c949f6376;
*5d5081073b96d0;
*5d5081073b96d0;
*20000c949f6376;
*02c58c93144635;
*5d5081073b96d0;
*20000c9360b352;
*280003899a6dec;
*20000c9360b352;
*a800038920353273c78820acb403;
*5d5081073b96d0;
*a800038900000000000000296f9a;
*a0000c9300000000000000c0b082;
*a800038920353273c78820acb403;
*5d5081073b96d0;
*02c58c93144635;
*5d5081073b96d0;
*20000c9360b352;
*280003899a6dec;
*a800038920353273c78820acb403;
*20000c9360b352;
*5d5081073b96d0;
*02c58c93144635;
*02c58c93144635;
*5d5081073b96d0;
*5d5081073b96d0;
*5d5081073b96d0;
*a800038920353273c78820acb403;
*20000c929f475b;
*a800038900000000000000296f9a;
*20000c929f475b;
*280003899a6dec;
*02c58c92ebb23c;
*a800038920353273c78820acb403;
*20000c929f475b;
*20000c929f475b;
*a800038920353273c78820acb403;
*a0000c9200000000000000be6aa0;
*20000c929f475b;
*5d5081073b96d0;
*20000c9360b352;
*20000c9360b352;
*a800038920353273c78820acb403;
*a0000c9300000000000000c0b082;
*a800038900000000000000296f9a;
*5d5081073b96d0;
*02c18c93231731;
*5d5081073b96d0;
*280003899a6dec;
*20000c9360b352;
*a800038920353273c78820acb403;
*5d5081073b96d0;
*5d5081073b96d0;
*20000c9360b352;
*a800038920353273c78820acb403;
*a0000c9300000000000000c0b082;
*a800038900000000000000296f9a;
*a0000c9300000000000000c0b082;
*a800038920353273c78820acb403;
*20000c9360b352;
*280003899a6dec;
*5d5081073b96d0;
*02c58c93144635;
*5d5081073b96d0;
*20000c9360b352;
*a800038920353273c78820acb403;
*20000c9360b352;
*5d5081073b96d0;
*20000c9360b352;
*20000c9360b352;
*280003899a6dec;
*5d5081073b96d0;
*5d5081073b96d0;
*a800038900000000000000296f9a;
*a0000c9300000000000000c0b082;
*20000c9360b352;
*a800038920353273c78820acb403;
*a800038920353273c78820acb403;
*20000c9360b352;
*280003899a6dec;
*5d5081073b96d0;
*5d5081073b96d0;
*02c58c92ebb23c;
*20000c929f475b;
*02c18c92dce338;
*5d5081073b96d0;
*02c58c93144635;
*a0000c9300000000000000c0b082;
*a800038900000000000000296f9a;
*5d5081073b96d0;
*5d8964d0930a95;
*20000c9360b352;
*a800038920353273c78820acb403;
*8d8964d0585704b7aa3c377e1b51;
*02c58c93144635;
*02c58c93144635;
*280003899a6dec;
*5d5081073b96d0;
*8d8964d0585734b7283c35de5e45;
*8d8964d0990c0bad90840acce6c0;
*28001eade4fe3d;
*5d5081073b96d0;
*20000c9360b352;
*a800038920353273c78820acb403;
*02c18c93231731;
*5d5081073b96d0;
*a800038920353273c78820acb403;
*5d8964d0930a95;
*280003899a6dec;
*02c58c93144635;
*8d8964d0e11ead000000007d1ecc;
*8d8964d0990c0bad908c0abc8ac0;
*20000c9360b352;
*5d8964d0930a95;
*20000ab99cd642;
*a0000ab9b4c5a630a80000f58b15;
*8d8964d05857a4b5be3c31d81a07;
*a800038920353273c78820acb403;
*8d8964d0231840b45ce820401990;
*8d8964d05857d4b53c3c2fba4411;
*8d8964d0ea34d865f53c08d17e4e;
*8d8964d05857f142a4675163e254;
*8d8964d0585914b45c3c2c71dd61;
*a8001ead201840b45ce8203cb499;
*20000b139470c5;
*8d8964d0585934b3d23c2a6b0d16;
*8d8964d0ea34d865f53c08d17e4e;
*8d8964d05859414166674d2757b4;
*8d8964d0990c0bae10740bfe15ae;
*a8001ead201840b45ce8203cb499;
*8d8964d0990c0bae10740a01e1a7;
*5d8964d0930a95;
*8d8964d058599140446749daca13;
*8d8964d0990c0bae30800a27afb1;
*8d8964d0990c0bae30880a57c3b1;
*a800038920353273c78820acb403;
*5d5081073b96d0;
*28001eade4fe3d;
*5d8964d0930a95;
*8d8964d05859d13f5e6746fcecaa;
*8d8964d0ea34d865f53c08d17e4e;
*8d8964d0f82100020049b8b1c452;
*5d8964d0930a95;
*8d8964d0585b013ed06744e26685;
*5d8964d0930a95;
*5d5081073b96d0;
*5d5081073b96d0;
*20000c9360b352;
*02c58c93144635;
*a800038900000000000000296f9a;
*a0000c9300000000000000c0b082;
*5d5081073b96d0;
*20000c9360b352;
*a800038920353273c78820acb403;
*20000c9360b352;
*5d8964d0930a95;
*280003899a6dec;
*5d5081073b96d0;
*5d5081073b96d0;
*5d5081073b96d0;
*20000c9360b352;
Found 1 device(s):
0: Realtek, RTL2838UHIDIR, SN: 00000001 (currently selected)
Found Rafael Micro R820T tuner
Max available gain is: 49.60
Setting gain to: 49.60
Exact sample rate is: 2000000.052982 Hz
Gain reported by device: 49.60
*5d511064dc2df7;
*5d5081073b96d0;
*5d5081073b96d0;
*8d4bab2c99145fb0880c0383bf4a;
*a00017b0c84e4270a8000078ee90;
*a80017a880389b31e004dabc9b4f;
*8d4bab2c58bf01ada8ac7df85d51;
*8d4bab2c99145fb0880c0383bf4a;
*5d4bab2c3266cc;
*5d4bab2c3266cc;
*5d4bab2c3266cc;
*5d4bab2c3266cc;
*5d4bab2c3266cc;
*200017b007125b;
*280017a8a79c7e;
*5d4bab2c3266cc;
*5d4bab2c3266cc;
*8d4bab2c58bf0518627edd243e56;
*8d4bab2c58bf05181c7ed574d5df;
*8d4bab2c99145eb0a00403db07a5;
*200017b007125b;
*a80017a82050867414b8204f3f50;
*200017b007125b;
*280017a8a79c7e;
*02e617b0d9f7f2;
*8d4bab2c58bf01a710abb33dd69b;
*8d4bab2c99145eb0a00403db07a5;
*5d4bab2c3266cc;
*8d4bab2c58bf05172e7eb986a3c6;
*8d4bab2c99145eb0a00403db07a5;
*5d4bab2c3266cc;
*8d4bab2c58bf01a4a0ab68c810fc;
*8d4bab2c99145eb0a00403db07a5;
*a00017b0c84e4270a8000078ee90;
*a00017b0fa8103000000000cfe06;
*8d4bab2c58bf01a402ab567db5d3;
*8d4bab2c99145eb0a00403db07a5;
*a80017a82050867414b8204f3f50;
*280017a8a79c7e;
*5d4bab2c3266cc;
*a00017b0c359f730a01c007b1678;
*200017b007125b;
*a80017a82050867414b8204f3f50;
*02e617b0d9f7f2;
*8d4bab2c99145eb0a00403db07a5;
*5d4bab2c3266cc;
*5d4bab2c3266cc;
*a80017a82050867414b8204f3f50;
*8d4bab2c58bf0513307e41b39db0;
*a80017a880189b31e004dbe7199f;
*8d4bab2c58bf01a21eab1c02e232;
*200017b007125b;
*a00017b0c84e4270a8000078ee90;
*5d4bab2c3266cc;
*200017b007125b;
*280017a8a79c7e;
*200017b007125b;
*8d4bab2c99145eb0a0040424d781;
*a80017a880389b31e004db436f46;
*8d4bab2c58bf0511a67e12035587;
*a00017b0fa8103000000000cfe06;
*5d4bab2c3266cc;
*a00017b0fa8103000000000cfe06;
*5d4bab2c3266cc;
*a00017b0fa8103000000000cfe06;
*8d4bab2c99145eb0a804044a7589;
*200017b007125b;
*5d4bab2c3266cc;
*8d4bab2c99145eb0a804044a7589;
*8d4bab2c2050867414b8201abfc8;
*5d4bab2c3266cc;
*5d4bab2c3266cc;
*200017b007125b;
*a80017a82050867414b8204f3f50;
*8d4bab2c58bf0510167de3b2d201;
*200017b007125b;
*5d4bab2c3266cc;
*02e617b0d9f7f2;
*8d4bab2c99145db0a0040421c8d3;
*5d4bab2c3266cc;
*200017b007125b;
*280017a8a79c7e;
*5d4bab2c3266cc;
*8d4bab2c58bf019d02aa813c41b9;
*8d4bab2c58bdf508a07d050acd10;
*8d4bab2c99145db0a0040421c8d3;
*a00017b0c84e4270a8000078ee90;
*200017b007125b;
*200017b007125b;
*280017a8a79c7e;
*8d4bab2c58bf019752a9d672bcd0;
*8d4bab2c99145eb0a804044a7589;
*5d4bab2c3266cc;
*8d4bab2c58bf0500027c03ec47ae;
*8d4bab2c99145eb08804040f09a0;
*a80017a880589b31e004daaff42d;
*a00017b0c349f5307ffc00992993;
*5d4bab2c3266cc;
*8d5083d9580d619d6c8691ab14e9;
*8d4bab2c58bf018bd6a87a174925;
*20000196d92a33;
*8d5083d9580d550de45a9a1ea250;
*5d4bab2c3266cc;
*8d4bab2c99145fb080040462a166;
*5d4bab2c3266cc;
*8d4bab2c99145eb08804040f09a0;
*5d4bab2c3266cc;
*a00017b0fff89b31e004da1c6bf4;
*a00017b0c349f3307ffc00931737;
*a80017a8fff89b31e004dac4b729;
*a00017b0c349f3307ffc00931737;
*8d4bab2c58bf018088a7217800cb;
*8d4bab2c58bf018060a71ccdbf2e;
*8d4bab2c99145eb080040461aba8;
*8d4bab2c58bf018042a7189353b3;
*8d4bab2c99145eb080040461aba8;
*a80017a82050867414b8204f3f50;
*2000179ff973a3;
*200017b007125b;
*280017a8a79c7e;
*a00017b0c84e4270a8000078ee90;
*5d4bab2c3266cc;
*5d4bab2c3266cc;
*8d4bab2c99145eb080040461aba8;
*a000179fc84e4270a80000d2c17d;
*a80017a880189b31e004da18ed96;
*5d4bab2c3266cc;
*8d4bab2c2050867414b8201abfc8;
*5d4bab2c3266cc;
*a80017a82050867414b8204f3f50;
*8d4bab2c58bdf17e08a6d5fcfb43;
*8d4bab2c99145eb080040461aba8;
*5d4bab2c3266cc;
*a80017a82050867414b8204f3f50;
*8d4bab2c99145db080040464b4fa;
*5d4bab2c3266cc;
*a00017b0c339f3302004001ee28f;
*5d4bab2c3266cc;
*a80017a82050867414b8204f3f50;
*8d4bab2c99145db060040441342c;
*a80017a82050867414b8204f3f50;
*a00017b0c84e4270a8000078ee90;
*a80017a880189931e004d9e11018;
*a00017b0c349f330200400a04c85;
*5d4bab2c3266cc;
*8d4bab2c58bf04e62e78fab7008d;
*5d4bab2c3266cc;
*8d4bab2c58bf04e5d878f01f564f;
*a80017a880189931e004d9e11018;
*a00017b0c349f130200c00d63519;
*5d4bab2c3266cc;
*8d4bab2c99145db060040441342c;
*5d4bab2c3266cc;
*a80017a82050867414b8204f3f50;
*200017b007125b;
*8d4bab2c99145db060040441342c;
*8d4bab2c58bf017036a5346a4292;
*a80017a880589931e004d95609a3;
*a00017b0c349f1303ffc001ffaf9;
*5d51009c392153;
*5d51009c392153;
Found 1 device(s):
0: Realtek, RTL2838UHIDIR, SN: 00000001 (currently selected)
Found Rafael Micro R820T tuner
Max available gain is: 49.60
Setting gain to: 49.60
Exact sample rate is: 2000000.052982 Hz
Gain reported by device: 49.60
*5d50822cd7d99e;
*a0000714c0780030cc0000b5107d;
*5d50822cd7d99e;
*8d50822c583b64f3064dada65ce9;
*8d50822c583b74f3044da272f8c3;
*8d50822c99c52883c0800282b2c9;
*28001bacf4d748;
*28001bacf4d748;
*8d50822c9945498440c402cedd3e;
*20000832a1b500;
Found 1 device(s):
0: Realtek, RTL2838UHIDIR, SN: 00000001 (currently selected)
Found Rafael Micro R820T tuner
Max available gain is: 49.60
Setting gain to: 49.60
Exact sample rate is: 2000000.052982 Hz
Gain reported by device: 49.60
*8d50822c9945708500a005a05b9e;
*5d50822cd7d99e;
*8d50822c5865617d1c61cb5e2f7d;
*5d50822cd7d99e;
*8d50822c9945718500a4059b6750;
*28001bacf4d748;
*a8001bacff5bbd2e7ff4c0d017e7;
*a0000c99db3a4526e284515709fe;
*8d50822c9945728500a404618c0b;
*8d50822c586594ee2836809f922a;
Found 1 device(s):
0: Realtek, RTL2838UHIDIR, SN: 00000001 (currently selected)
Found Rafael Micro R820T tuner
Max available gain is: 49.60
Setting gain to: 49.60
Exact sample rate is: 2000000.052982 Hz
Gain reported by device: 49.60
*5d508095326153;
*5d508095326153;
*5d508095326153;
*5d508095326153;
*5d508095326153;
*5d508095326153;
*20000410e83012;
*5d508095326153;
*a800058f20353276cb1d6076f32e;
*02a183bfb757b2;
*2800058fbe6553;
*5d508095326153;
*5d508095326153;
*5d508095326153;
*5d508095326153;
*a800058f20353276cb1d6076f32e;
*5d508095326153;
*5d508095326153;
*5d508095326153;
*5d508095326153;
*5d508095326153;
*200003bcc49fb8;
*5d508095326153;
*02a583bc7feea4;
*5d508095326153;
*200003bcc49fb8;
*5d508095326153;
*5d508095326153;
*a800058f20353276cb1d6076f32e;
*5d508095326153;
*5d508095326153;
*a800058f20353276cb1d6076f32e;
*5d508095326153;
*2800058fbe6553;
*5d508095326153;
*02a1833c4fb960;
*5d508095326153;
*5d508095326153;
*5d508095326153;
*a800058f000000000004583986b4;
*a000033a00094b10fea80002c3d3;
*5d508095326153;
*a800058f20353276cb1d6076f32e;
*5d508095326153;
*5d508095326153;
*a800058f20353276cb1d6076f32e;
*5d508095326153;
*5d508095326153;
*20000338c3a14e;
*5d508095326153;
*200003373c0106;
*5d508095326153;
*5d508095326153;
*5d508095326153;
*2800058fbe6553;
*5d508095326153;
*5d508095326153;
*8d50809520353276cb1d6037592e;
*5d508095326153;
*20000332c3cd39;
*5d508095326153;
*5d508095326153;
*20000332c3cd39;
*2800058fbe6553;
*a800058f20353276cb1d6076f32e;
*5d508095326153;
*5d508095326153;
*5d508095326153;
*5d508095326153;
*5d508095326153;
*5d508095326153;
*8d50809520353276cb1d6037592e;
*20000330c3d122;
*5d508095326153;
*5d508095326153;
*5d508095326153;
*2000031ec244d3;
Found 1 device(s):
0: Realtek, RTL2838UHIDIR, SN: 00000001 (currently selected)
Found Rafael Micro R820T tuner
Max available gain is: 49.60
Setting gain to: 49.60
Exact sample rate is: 2000000.052982 Hz
Gain reported by device: 49.60
*8d50809520353276cb1d6037592e;
*2000029734cbf6;
*a800058f20353276cb1d6076f32e;
*5d508095326153;
*5d508095326153;
*a00002960009350fbf500081896a;
*5d508095326153;
*a800058f20353276cb1d6076f32e;
*2000029534d7ed;
*5d508095326153;
*5d508095326153;
*2000029534d7ed;
*5d508095326153;
*5d508095326153;
*2000029534d7ed;
*2800058fbe6553;
*5d508095326153;
*a000029400092f0f3f5800c8ba8f;
*a800058f20353276cb1d6076f32e;
*20000294cb23e4;
*5d508095326153;
*5d508095326153;
*5d508095326153;
*5d508095326153;
*02818294027fd5;
*5d508095326153;
*2800058fbe6553;
*2000029334f3c0;
*2000029334f3c0;
*a800058f20353276cb1d6076f32e;
*5d508095326153;
*5d508095326153;
*8d50809520353276cb1d6037592e;
*a00002920009350fbf480015a1eb;
*20000292cb07c9;
*a800058f20353276cb1d6076f32e;
*5d508095326153;
*5d508095326153;
*20000290cb1bd2;
*2800058fbe6553;
*5d508095326153;
*20000290cb1bd2;
*a800058f20353276cb1d6076f32e;
*5d508095326153;
*a000023f0009390fbf2800871b31;
*2000023f327cea;
*5d508095326153;
*5d508095326153;
*a800058f20353276cb1d6076f32e;
*5d508095326153;
*2000023d3260f1;
*a000023d0009390fbf5000a8d76e;
*8d50809520353276cb1d6037592e;
*2800058fbe6553;
*5d508095326153;
*a800058f20353276cb1d6076f32e;
*5d508095326153;
*5d508095326153;
*a800058f20353276cb1d6076f32e;
*2000023ccd94f8;
*5d508095326153;
*2000023b3244dc;
*a800058f20353276cb1d6076f32e;
*2000023b3244dc;
*2800058fbe6553;
*a000023b0009370fbf500043977f;
*8d50809520353276cb1d6037592e;
*5d508095326153;
*2000023acdb0d5;
*5d508095326153;
*02618239de8420;
*5d508095326153;
*a800058f20353276cb1d6076f32e;
*5d508095326153;
*a00002380009390fbf40003249cd;
*20000238cdacce;
*5d508095326153;
*2000023532109d;
*2800058fbe6553;
*5d508095326153;
*5d508095326153;
*5d508095326153;
*5d508095326153;
*5d508095326153;
*2000023532109d;
*5d508095326153;
*02618234213873;
*5d508095326153;
*a800058f20353276cb1d6076f32e;
*20000234cde494;
*02658233e9b953;
*200002333234b0;
*2800058fbe6553;
*5d508095326153;
*a800058f20353276cb1d6076f32e;
*200002333234b0;
*5d508095326153;
*02658233e9b953;
*5d508095326153;
*a800058f20353276cb1d6076f32e;
*5d508095326153;
*a800058f20353276cb1d6076f32e;
*5d508095326153;
*02618232211c5e;
*5d508095326153;
*a800058f20353276cb1d6076f32e;
*2800058fbe6553;
*20000232cdc0b9;
*5d508095326153;
*5d508095326153;
*5d508095326153;
*a800058f20353276cb1d6076f32e;
*5d508095326153;
*200002313228ab;
*8d50809520353276cb1d6037592e;
*a800058f20353276cb1d6076f32e;
*5d508095326153;
*a800058f20353276cb1d6076f32e;
*20000230cddca2;
*5d508095326153;
*20000230cddca2;
*a800058f20353276cb1d6076f32e;
*5d508095326153;
*a800058f20353276cb1d6076f32e;
*a000021f000000000000004ae77b;
*a800058f0000000000045039f6d8;
*a000021f0009350f7f5000050695;
*5d508095326153;
*5d508095326153;
*5d508095326153;
*8d50809520353276cb1d6037592e;
*a800058f20353276cb1d6076f32e;
*0265821e17c4b0;
*a800058f20353276cb1d6076f32e;
*5d508095326153;
*2000021ecc4953;
*a800058f20353276cb1d6076f32e;
*5d508095326153;
*0261821ddf7da6;
*5d508095326153;
*a000021d00000000000000b7533f;
*a800058f0000000000045039f6d8;
*5d508095326153;
*a800058f20353276cb1d6076f32e;
*8d50809520353276cb1d6037592e;
*5d508095326153;
*a800058f20353276cb1d6076f32e;
*5d508095326153;
*a800058f20353276cb1d6076f32e;
*2000021acc7165;
*5d508095326153;
*5d508095326153;
*2800058fbe6553;
*a800058f20353276cb1d6076f32e;
*20000218cc6d7e;
*2000021733cd36;
*2800058fbe6553;
*5d508095326153;
*5d508095326153;
*5d508095326153;
*a0000216000000000000003d045b;
*a800058f0000000000045039f6d8;
*a00002160009370f7f4800e44429;
*0261821620e5d8;
*5d508095326153;
*20000216cc393f;
*a800058f20353276cb1d6076f32e;
*20000216cc393f;
*5d508095326153;
*2000021533d12d;
*5d508095326153;
*a800058f20353276cb1d6076f32e;
*2000021533d12d;
*5d508095326153;
*5d508095326153;
*5d508095326153;
*20000214cc2524;
*5d508095326153;
*a0000213000000000000004742f8;
*a800058f0000000000045039f6d8;
*a00002130009370f7f1800025298;
*02658213e878e3;
*2000021333f500;
*2000021333f500;
*a800058f20353276cb1d6076f32e;
*a800058f20353276cb1d6076f32e;
*2000021333f500;
*20000212cc0109;
*2800058fbe6553;
*5d508095326153;
*5d508095326153;
*a800058f20353276cb1d6076f32e;
*20000212cc0109;
*5d508095326153;
*5d508095326153;
*5d508095326153;
*5d508095326153;
*5d508095326153;
*5d508095326153;
*20000210cc1d12;
*a800058f20353276cb1d6076f32e;
*5d508095326153;
*a000021000000000000000c42c9e;
*a800058f00000000000451c602d1;
*200001bf276caa;
*200001bf276caa;
*a800058f20353276cb1d6076f32e;
*5d508095326153;
*5d508095326153;
*5d508095326153;
*5d508095326153;
*5d508095326153;
*5d508095326153;
*5d508095326153;
*5d508095326153;
*5d508095326153;
*2800058fbe6553;
*a00001bc00000000000000e875e7;
*a800058f00000000000451c602d1;
*5d508095326153;
*026181bc34585f;
*5d508095326153;
*a800058f20353276cb1d6076f32e;
*5d508095326153;
*5d508095326153;
*a800058f0000000000045239eac3;
*026181ba347c72;
*5d508095326153;
*200001b9274887;
*200001b8d8bc8e;
*200001b8d8bc8e;
*2800058fbe6553;
*026181b8346069;
*026181b7cbc021;
*a800058f20353276cb1d6076f32e;
*5d508095326153;
*5d508095326153;
*8d50809520353276cb1d6037592e;
*200001b7271cc6;
*a00001b6000000000000001cf8a1;
*a800058f00000000000453c61eca;
*a00001b60009410fff7000183473;
*200001b6d8e8cf;
*a800058f20353276cb1d6076f32e;
*200001b6d8e8cf;
*2800058fbe6553;
*5d508095326153;
*200001b6d8e8cf;
*5d508095326153;
*5d508095326153;
*a800058f20353276cb1d6076f32e;
*5d508095326153;
*026181b5cbdc3a;
*5d508095326153;
*200001b4d8f4d4;
*200001b4d8f4d4;
*8d50809520353276cb1d6037592e;
*a00001b400000000000000e14ce5;
*a800058f20353276cb1d6076f32e;
*200001b4d8f4d4;
*5d508095326153;
*5d508095326153;
*2000019d26b101;
*0265819dfd3ce2;
*5d508095326153;
*5d508095326153;
*2000019b26952c;
*2000019b26952c;
*5d508095326153;
*a800058f20353276cb1d6076f32e;
*2000019ad96125;
*a000019900000000000000b6d74c;
*5d508095326153;
*a800058f20353276cb1d6076f32e;
*5d508095326153;
*2000019726dd76;
*a800058f20353276cb1d6076f32e;
*a800058f20353276cb1d6076f32e;
*20000196d9297f;
*2800058fbe6553;
*a800058f20353276cb1d6076f32e;
*5d508095326153;
*a000019300000000000000425a0a;
*a800058f0000000000044c395e5a;
*a00001930009270e7f18001c1bd9;
*02618193ca39a7;
*a800058f20353276cb1d6076f32e;
*20000192d91149;
*5d508095326153;
*2000019126f95b;
*5d508095326153;
*a000019000000000000000c1346c;
*20000190d90d52;
*8d50809520353276cb1d6037592e;
*2000013f206a6a;
*5d508095326153;
*5d508095326153;
*a828058f20353276cb1d60ff398c;
*5f508095659bf5;
*a828058f00000000000446b0f88f;
*a028013e0009110d7f380048528a;
*2028013ef44042;
*a028013e10010080b20000aabf61;
*a828058f20353276cb1d60ff398c;
*5f508095659bf5;
*5f508095659bf5;
*8f50809520353276cb1d6087bbde;
*5f508095659bf5;
*a828058f20353276cb1d60ff398c;
*2028013d0ba850;
*5f508095659bf5;
*0261013d35bab2;
*2028013d0ba850;
*a828058f20353276cb1d60ff398c;
*5f508095659bf5;
*8f50809520353276cb1d6087bbde;
*5f508095659bf5;
*a828058f10010080b200002e4d82;
*5f508095659bf5;
*2028013d0ba850;
*a028013d000000000000008cf547;
*a828058f0000000000043f4ddee2;
*a028013d0008f90c3fe8003b70f0;
*a028013d10010080b2000029d107;
*5f508095659bf5;
*a828058f20353276cb1d60ff398c;
*2028013cf45c59;
*a828058f20353276cb1d60ff398c;
*5f508095659bf5;
*a828058f10010080b200002e4d82;
*5f508095659bf5;
*a00001390008f90c3f580091aafe;
*20000138dfba4e;
*5d508095326153;
*5d508095326153;
*2000011b2193ec;
*5d508095326153;
*8d504e4560bf017010a5a0bf1c86;
*a00017b0c848003090000090c714;
*8d504e4520189071cf1820572df0;
*02e617b0c2129b;
*8d504e4560bf04e1b278f2b1347c;
*8d504e4599110830a80401828838;
Found 1 device(s):
0: Realtek, RTL2838UHIDIR, SN: 00000001 (currently selected)
Found Rafael Micro R820T tuner
Max available gain is: 49.60
Setting gain to: 49.60
Exact sample rate is: 2000000.052982 Hz
Gain reported by device: 49.60
*8f504e4599110830a80401326ac8;
*8f504e4520189071cf1820e7cf00;
*a82016a020189071cf1820d36800;
*8f504e4599110830a80401326ac8;
*a02017b0ffd1853abffcd5391667;
*5f504e45b027bb;
*8f504e4560bf017c84a9ca4a70b5;
*8f504e4560bf017cb4a9dad2a854;
*a82016a020189071cf1820d36800;
*a02017b010010080f5000040fc20;
*8f504e4599110730a804012308d2;
*5f504e45b027bb;
*8f504e4560bdf4ee167d0c25b5a9;
*202017b0598b1b;
*a02017b0c84800309000009bc93b;
*a82016a0ffd1853abffcd53027f1;
*8f504e4599110730a804012308d2;
*202017b0598b1b;
*a82016a0fff1833abffcd59e6f8c;
*a02017b08909e72f200fff2bdc5d;
*5f504e45b027bb;
*8f504e4599110730c80401ec8ca9;
*80e197b060bf04ef787d8036c305;
*a82016a0fff1833aa004d527cc6c;
*a020179fc848003090000031e6d6;
*8f504e4560bf04ef887d868054fa;
*8f504e4599110730a804012308d2;
*2020179fa7eae3;
*5f504e45b027bb;
*202017b0598b1b;
*5f504e45b027bb;
*8d504e4560bf04ff3c82baca333c;
*8d504e4599110830a80401828838;
*a80016a0fff1853afffcd515a755;
Found 1 device(s):
0: Realtek, RTL2838UHIDIR, SN: 00000001 (currently selected)
Found Rafael Micro R820T tuner
Max available gain is: 49.60
Setting gain to: 49.60
Exact sample rate is: 2000000.052982 Hz
Gain reported by device: 49.60
*8f504e4560bdf511c088e86d431b;
Found 1 device(s):
0: Realtek, RTL2838UHIDIR, SN: 00000001 (currently selected)
Found Rafael Micro R820T tuner
Max available gain is: 49.60
Setting gain to: 49.60
Exact sample rate is: 2000000.052982 Hz
Gain reported by device: 49.60
*5d3c06c17a708e;
*5d3c06c17a708e;
*5d3c06c17a708e;
*02e19a1bc96f72;
*5d3c06c17a708e;
*5d3c06c17a708e;
*5d3c06c17a708e;
*5d3c06c17a708e;
*8d4b18f399450d0300b006e1946a;
*02e19a1c36bf56;
*8d4b18f3582bd4f80e4ff7ae1046;
*a80017b8201034f8c31820e52508;
*a0001a1cd0180030a80006f33358;
*a80017b880b829334004d29d0222;
*a0001a1cc0e9b12e20740cc03362;
*5d4b18f3fc3951;
*5d3c06c17a708e;
*5d3c06c17a708e;
*5d3c06c17a708e;
*5d3c06c17a708e;
*8d4b18f399450f02e0c0064be868;
*02e19a1dc94b5f;
*5d3c06c17a708e;
*5d4b18f3fc3951;
*20001a1dcf9315;
*5d3c06c17a708e;
*5d3c06c17a708e;
*5d3c06c17a708e;
*a0001a1ed0180030a800060e871c;
*5d3c06c17a708e;
*20001a1e307b07;
*20001a1e307b07;
*5d3c06c17a708e;
*a80017b8201034f8c31820e52508;
*20001a1fcf8f0e;
*a0001a1fd0180030a80006705d3e;
*280017b8d0d14b;
*280017b8d0d14b;
*02e19a1fc95744;
*5d3c06c17a708e;
*20001a1fcf8f0e;
*5d3c06c17a708e;
*5d3c06c17a708e;
*5d3c06c17a708e;
*5d3c06c17a708e;
*5d3c06c17a708e;
*5d3c06c17a708e;
*5d3c06c17a708e;
*5d3c06c17a708e;
*5d3c06c17a708e;
*5d3c06c17a708e;
*5d3c06c17a708e;
*5d3c06c17a708e;
*5d3c06c17a708e;
*5d3c06c17a708e;
*5d3c06c17a708e;
*20001a3031eef6;
*200005bd04ded7;
*5d3c06c17a708e;
*8d4b18f399451202c0d4030e6d18;
*a0001a30d0180030a80006da72d3;
*a80017b880d82b334004d28878dc;
*a0001a30c0f9ad2de03423fe70c9;
*20001a3031eef6;
*8d4b18f399451302c0d404f2b7f2;
Found 1 device(s):
0: Realtek, RTL2838UHIDIR, SN: 00000001 (currently selected)
Found Rafael Micro R820T tuner
Max available gain is: 49.60
Setting gain to: 49.60
Exact sample rate is: 2000000.052982 Hz
Gain reported by device: 49.60
*8d4b18f35835a187b87794497a89;
*a800119f204d74b2cb9c6017ce1b;
*8d4b18f399451a02a0c006fe9d2c;
*2000069ee8e1f5;
*2800119f7df3ed;
*5d4b18f3fc3951;
*5d3c06c17a708e;
*a800119f204d74b2cb9c6017ce1b;
*200006b116800d;
*5d3c06c17a708e;
*5d3c06c17a708e;
*5d3c06c17a708e;
*5d3c06c17a708e;
*8d4b18f399451b02a0c404c5bdf9;
*a80017b8201034f8c31820e52508;
*8d4b18f399451b02a0c406c5a1e2;
*280017b8d0d14b;
*02e19a31c8c2b5;
*5d3c06c17a708e;
*5d3c06c17a708e;
*a80017b8201034f8c31820e52508;
*200006b716a420;
*a800119f204d74b2cb9c6017ce1b;
*5d3c06c17a708e;
*20001a31ce1aff;
*8d4b18f399451c02a0c80684cf88;
*8d4b18f399451c02a0c8057b279a;
*5d4b18f3fc3951;
*8d4b18f35837a4f8c84b219d754c;
*a80017b8201034f8c31820e52508;
*a800119f204d74b2cb9c6017ce1b;
*20001a3031eef6;
*280017b8d0d14b;
*5d3c06c17a708e;
*5d4b18f3fc3951;
*5d3c06c17a708e;
*200006bd16c857;
*8d4b18f399451c02a0c8077b3b81;
*a800119f204d74b2cb9c6017ce1b;
*200006bd16c857;
*2800119f7df3ed;
*8d4b18f35837d187de7685dde0a8;
*80a186be5837d4f8ce4af5bef5cc;
*8d4b18f35837e187e07679539aad;
*5d4b18f3fc3951;
*8d4b18f3204d74b2cb9c600e3256;
*a800119f204d74b2cb9c6017ce1b;
*8d4b18f399451c02a0c8077b3b81;
*200006bf16d44c;
*02a186bf9af454;
*5d4b18f3fc3951;
*8d4b18f3583904f8d44ad49e452d;
*8d4b18f399451c02a0c8057b279a;
*a800119f204d74b2cb9c6017ce1b;
*200007111e4afd;
*02a187126d82f7;
*a0001a3080782b344004d54a3e04;
*a800119f204d74b2cb9c6017ce1b;
*8d4b18f399451d02a0bc061de75d;
*5d3c06c17a708e;
*2800119f7df3ed;
*8d4b18f3583944f8de4a8c2aeff3;
*a800119f204d74b2cb9c6017ce1b;
*5d4b18f3fc3951;
*8d4b18f358395187f276022b02a3;
*8d4b18f399451e02a0b407976006;
*5d4b18f3fc3951;
*8d4b18f3583964f8e24a6b70e932;
*80a1871758397187f675e0e468c5;
*5d3c06c17a708e;
*5d3c06c17a708e;
*a0001a30d0180030a80006da72d3;
*a0001a30c0f9b52e7fffff318d4a;
*280017b8d0d14b;
*8d4b18f399452002a09407eab9fb;
*5d4b18f3fc3951;
*8d4b18f35839b4f8f24a00d8fbe5;
*8d4b18f35839c188087567708741;
*8d4b18f399452202c084063c0415;
*20000730e07f44;
*8d4b18f399452402c074066d3e8e;
*a800119f204d74b2cb9c6017ce1b;
*20000732e0635f;
*8d4b18f3583b21881c74daa1c54a;
*20001a3031eef6;
*a80017b8201034f8c31820e52508;
*8d4b18f3583b418826748d13ae25;
*200007351fb37b;
*8d4b18f399452c02c05407b4d8fe;
*8d4b18f3583b54f91a48e7926a38;
*200007351fb37b;
*2800119f7df3ed;
*8d4b18f399452d02c05407b7d230;
*a800119f204d74b2cb9c6017ce1b;
*8d4b18f399452d02c05407b7d230;
*5d4b18f3fc3951;
*5d4b18f3fc3951;
*20000738e00f28;
*8d4b18f3583b81883e73eacfdac0;
*20000738e00f28;
*8d4b18f399c53102e04c07d70cce;
*a800119f204d74b2cb9c6017ce1b;
*8d4b18f399c53302e04c07d11952;
*5d4b18f3fc3951;
*8d4b18f3583b84f93048532c8f6c;
*20000738e00f28;
*8d4b18f399c53302e04c082eb91a;
*8d4b18f399c53402e04c08278d70;
*8d4b18f3583b91884473b89bc362;
*5d4b18f3fc3951;
*a800119f801c2f26ffe49e317560;
*a000073adf3a1f1f210c2103ca3c;
*8d4b18f3583ba18850736824462e;
*8d4b18f399c53802e048080bc638;
*8d4b18f3583bc4f94647bc70add9;
*a800119f204d74b2cb9c6017ce1b;
*8d4b18f399c53b02e04c0836ef6a;
*8d4b18f3583bd1885c7310ec21e6;
*2000073d1fc317;
*8d4b18f399c53c02e05008975900;
*a800119f204d74b2cb9c6017ce1b;
*8d4b18f3583bd1885e73030881ae;
*8d4b18f399c53c02e0500768f948;
*5d4b18f3fc3951;
*2000073ee02b05;
*8d4b18f3583be4f94e477e7bcfaa;
*8d4b18f399c53d03005408a2184b;
*a000073eca380030cc00006d0825;
*a800119ffffc2f27bffca1221ffe;
*a000073edf3a291fe1442d30cd8e;
*8d4b18f3204d74b2cb9c600e3256;
*2000073ee02b05;
*5d4b18f3fc3951;
*8d4b18f399c53d030054075db803;
*8d4b18f3583bf1886672ca6a4e1a;
*80c1873f583bf1886672cad4ad48;
*8d4b18f399c53e03005c08d76b19;
*a800119f204d74b2cb9c6017ce1b;
*8d4b18f3583bf1886872bdd567b8;
*5d4b18f3fc3951;
*8d4b18f399c53e03005c0728cb51;
*20000790e6b834;
*a800119f204d74b2cb9c6017ce1b;
*5d4b18f3fc3951;
*8d4b18f3583d118870728a7fc1d2;
*8d4b18f3583d14f9604708a973f6;
*8d4b18f399c5400300640707152c;
*5d4b18f3fc3951;
*a800119f204d74b2cb9c6017ce1b;
*5d4b18f3fc3951;
*8d4b18f3583d318874726a2c8d06;
*8d4b18f3204d74b2cb9c600e3256;
*8d4b18f3583d318876725dc9d4c8;
*8d4b18f3583d44f96646d67da9a9;
*8d4b18f399c54203006c068e98b9;
*a800119f204d74b2cb9c6017ce1b;
*2000079519740b;
*8d4b18f3583d51887c7230e2ca81;
*02c187955ad068;
*8d4b18f3583d64f96e46a470ec72;
*8d4b18f399c54303007407e2d27e;
*5d4b18f3fc3951;
*8d4b18f3583d71888471fc032ef5;
*8d4b18f399c544030078065c481d;
*8d4b18f3583d84f974467e05d2ae;
*8d4b18f399454503007c070947a5;
*8d4b18f3583d84f9764671e1da64;
*5d4b18f3fc3951;
*8d4b18f399454503007c06f6b3ac;
*8d4b18f3583d94f978466593f5e4;
*a800119fffdc2f28fffca57f456b;
*a0000799df2a3520a21c444866eb;
*8d4b18f3994546030080071f06c8;
*5d4b18f3fc3951;
*a800119f204d74b2cb9c6017ce1b;
*8d4b18f3583db1889071a85240e6;
*02c1879b5a8429;
*8d4b18f3994546030088076f6ac8;
*80c1879b583db18892719bba2ae5;
*80c1879b583db18892719bba2ae5;
*8d4b18f399454603008806909ec1;
*8d4b18f3583db4f980462c98cdef;
*2000079ce6f06e;
*2800119f7df3ed;
*a800119f204d74b2cb9c6017ce1b;
*8d4b18f399454703008c06aba20f;
*8d4b18f3994548030094062a7415;
*8d4b18f3583df4f98845ec224f47;
*5d4b18f3fc3951;
*2000079f19187c;
*a800119f204d74b2cb9c6017ce1b;
*8d4b18f3994548030098079dda1c;
*8d4b18f399454803009806622e15;
*8d4b18f3583f1188a27132d828d6;
*a00007b1df1a3b2122ac5498f18f;
*8d4b18f39945490300a0073020db;
*2800119f7df3ed;
*8d4b18f39945490300a006cfd4d2;
*8d4b18f3583f3188a87105328ad0;
*5d4b18f3fc3951;
*8d4b18f3204d74b2cb9c600e3256;
*02c187b35b35f5;
*80c187b4583f44f996458c26e81b;
*8d4b18f39945490300a8054050c0;
*5d4b18f3fc3951;
*200007b518b5bb;
*8d4b18f39945490300ac06878ed2;
*02c187b6a4f9ca;
*80c187b6583f6188b070d0dc473d;
*8d4b18f39945490300ac06878ed2;
*a800119f204d74b2cb9c6017ce1b;
*8d4b18f3583f8188b270b6466059;
*5d4b18f3fc3951;
*8d4b18f39945490300b406173ad2;
*200007b8e709e8;
*200007bae715f3;
*2800119f7df3ed;
*5d4b18f3fc3951;
*8d4b18f399454a0300bc059da192;
*a800119f204d74b2cb9c6017ce1b;
*200007bb18e1fa;
*5d4b18f3fc3951;
*5d4b18f3fc3951;
*200007bd18c5d7;
*8d4b18f3583fd4f9ac44f9d5a2e0;
*02c187bea489a6;
*8d4b18f3204d74b2cb9c600e3256;
*8d4b18f399454a0300c805078389;
*5d4b18f3fc3951;
*a800119f204d74b2cb9c6017ce1b;
*8d4b18f3583ff188c4703913b99c;
*8d4b18f399454a0300d007972b92;
*8d4b18f358411188c6702cf8c279;
*02c1881107a21e;
*5d4b18f3fc3951;
*a800119f204d74b2cb9c6017ce1b;
*8d4b18f358412188c8701f15a5ad;
*20000812bbee6f;
*8d4b18f399454a0300d807e74792;
*20000813441a66;
*2800119f7df3ed;
*8d4b18f3584134f9b644ad714874;
*5d4b18f3fc3951;
*a800119f204d74b2cb9c6017ce1b;
*20000814bbca42;
*8d4b18f39945490300e0074ca8c9;
*8d4b18f39945490300e006b35cc0;
*5d4b18f3fc3951;
*a0000816ca380030cc00008c62ae;
*a800119fffdc2f297ffca9bef4cf;
*a0000816deea3b21639c753056e0;
*5d4b18f3fc3951;
*20000816bbd659;
*a800119f204d74b2cb9c6017ce1b;
*8d4b18f358416188d26fde3ebd9e;
*8d4b18f3584184f9c0446d609210;
*8d4b18f39945490300e4057482d2;
*8d4b18f39945490300e8073cc4c9;
*8d4b18f3204d74b2cb9c600e3256;
*02c1881af83a60;
*02c1881af83a60;
*8d4b18f35841a188da6fa3152144;
*5d4b18f3fc3951;
*5d4b18f3fc3951;
*8d4b18f39945490300f007ac70c9;
*a800119f204d74b2cb9c6017ce1b;
*8d4b18f35841b188dc6f96f79975;
*2000081cbbba2e;
*2000081cbbba2e;
*2800119f7df3ed;
*8d4b18f35841d4f9ca4427e468ed;
*02c1881d07ea44;
*80c1881d5841d188e06f7c3b94f8;
*5d4b18f3fc3951;
*8d4b18f39945480300f407974c07;
*2000081ebba635;
*a800119f204d74b2cb9c6017ce1b;
*8d4b18f39945480300f40668b80e;
*8d4b18f358430188e46f61c5a9ac;
*5d4b18f3fc3951;
*8d4b18f39945480300f40468a415;
*a0000832ca380030cc0000ac1a27;
*8d4b18f39945480300f403977431;
*a800119ffffc2d293ffca8699bd1;
*a0000832deea352163cc799e5ef5;
*a800119f204d74b2cb9c6017ce1b;
*5d4b18f3fc3951;
*8d4b18f3584344f9d043fb3dac11;
*8d4b18f358435188e86f3a92be06;
*5d4b18f3fc3951;
*20000836ba17e9;
*20000836ba17e9;
*8d4b18f3204d74b2cb9c600e3256;
*02c18836f9b38a;
*8d4b18f39945470300f405863206;
*8d4b18f3584374f9d843c2fc5e34;
*5d4b18f3fc3951;
*20000838ba43a8;
*8d4b18f358439188f06f069811a5;
*8d4b18f39945470300f40679da14;
*8d4b18f35843a188f26ef9264507;
*5d4b18f3fc3951;
*2000083b45abba;
*a800119f204d74b2cb9c6017ce1b;
*8d4b18f39945470300f405863206;
*8d4b18f39945470300ec06e96e14;
*8d4b18f35843c4f9e243823989ce;
*5d4b18f3fc3951;
*2000083d458f97;
*8d4b18f39945470300ec04e9720f;
*a000083eca380030cc0000a1bfa4;
*a800119fffdc2d28e014a8df9744;
*a000083edeca3321636c6dfa3fc8;
*8d4b18f35843f188fa6eb8468f06;
*8d4b18f39945470300e806d15814;
*5d4b18f3fc3951;
*2000083f45938c;
*2800119f7df3ed;
*a800119f204d74b2cb9c6017ce1b;
*20000890bcf4b4;
*8d4b18f39945470300e8052eb006;
*8d4b18f3584504f9e8434f315249;
*5d4b18f3fc3951;
*a800119f204d74b2cb9c6017ce1b;
*8d4b18f39945470300e404991e0f;
*8d4b18f358452189026e7e49f108;
*02c18892ff4ccc;
*8d4b18f358453189046e71aa0426;
*5d4b18f3fc3951;
*8d4b18f358454189066e64ddc6e3;
*8d4b18f3584554f9f442fd4fcc06;
*8d4b18f399454702e0d80601b998;
*a800119f204d74b2cb9c6017ce1b;
*20000896bcd099;
*8d4b18f399454702e0d807fe4d91;
*8d4b18f3584571890e6e30e1ca45;
*8d4b18f399454702e0d40649e398;
*20000897432490;
*2800119f7df3ed;
*a0000898ca380030cc0000efe349;
*a800119f801c2d28fffca8fec0c2;
*a0000898deea2f2163146019001c;
*5d4b18f3fc3951;
*8d4b18f399454702e0d0078e2191;
*8d4b18f3584594f9fc42be6525f5;
*8d4b18f399454702e0d00671d598;
*5d4b18f3fc3951;
*8d4b18f35845a4f9fe42b1d0d81f;
*8d4b18f399454702e0d0058e3d8a;
*8d4b18f35845b4fa00429ed88dba;
*8d4b18f35845c1891a6ddbc87396;
*2000089cbcbcee;
*8d4b18f399454702e0c8051e898a;
*5d4b18f3fc3951;
*a800119f204d74b2cb9c6017ce1b;
*02c1889d00ec84;
*8d4b18f399454702e0c406a93b98;
*8d4b18f35845e1891e6dc19ef7fd;
*5d4b18f3fc3951;
*8d4b18f399454702e0c40756cf91;
*2800119f7df3ed;
*8d4b18f39945480300c00771e60e;
*8d4b18f35845f4fa0c42524700cc;
*5d4b18f3fc3951;
*8d4b18f39945480300bc079ba815;
*a00008b1ca380030cc0000bce461;
*a00008b1defa3121a2ac58fe9bff;
*5d4b18f3fc3951;
*200008b2bd291f;
*8d4b18f39945480300b807a39e15;
*a800119f204d74b2cb9c6017ce1b;
*200008b2bd291f;
*200008b2bd291f;
*8d4b18f3584724fa12421fb91425;
*8d4b18f3584734fa1442125afd10;
*200008b342dd16;
*8d4b18f39945480300b807a39e15;
*5d4b18f3fc3951;
*a800119f204d74b2cb9c6017ce1b;
*8d4b18f358475189306d385d2ef3;
*8d4b18f3204d74b2cb9c600e3256;
*200008b542f93b;
*02c188b6feb54a;
*02c188b6feb54a;
*8d4b18f3584774fa1e41ccfb63a3;
*200008b742e520;
*8d4b18f39945490300b8085f3493;
*02c188b8fee10b;
*8d4b18f39945490300b8065f60d2;
*8d4b18f3584791893a6cf69ad891;
*a800119ffffc2d292014a9cf1438;
*a00008badeda2f21a2b4579d6a3e;
*8d4b18f35847a4fa28418cc4ad15;
*a800119f204d74b2cb9c6017ce1b;
*8d4b18f39945490300b408176e93;
*8d4b18f39945490300b407e8cedb;
*8d4b18f35847c189446cae3b4fc0;
*8d4b18f39945490300b408176e93;
*200008bd428957;
*200008bd428957;
*2800119f7df3ed;
*8d4b18f35847d189446ca1f44368;
*8d4b18f39945490300b407e8cedb;
*8d4b18f3204d74b2cb9c600e3256;
*a800119f204d74b2cb9c6017ce1b;
*8d4b18f35847f4fa324139671778;
*5d4b18f3fc3951;
*8d4b18f3584904fa34412c353f73;
*80c18910584901894c6c6c81d34e;
*80c18910584901894c6c6c81d34e;
*8d4b18f399454a0300ac0882c5c1;
*20000910b5fff4;
*5d4b18f3fc3951;
*200009134a17e6;
*2800119f7df3ed;
*8d4b18f399454b0300a806b9ad4e;
*20000914b5c7c2;
*8d4b18f358494189526c3edfaf84;
*20000916b5dbd9;
*a800119f204d74b2cb9c6017ce1b;
*8d4b18f399454b02e0a8074824c2;
*8d4b18f399454b02e0ac068fe6cb;
*8d4b18f399454c02e0b4061666a1;
*2000091b4a678a;
*5d4b18f3fc3951;
*80c1891b5849b189646bc1d86781;
*a000091bca380030cc000027c946;
*a800119f204d74b2cb9c6017ce1b;
*2000091cb5b7ae;
*8d4b18f399454c02e0b8065e3ca1;
*5d4b18f3fc3951;
*8d4b18f35849e4fa52405203c00e;
*8d4b18f399454c02e0c0068c44ba;
*8d4b18f35849f4fa56403ff9c369;
*8d4b18f3584b0189706b6b80ff85;
*8d4b18f3584b1189726b5e5516b0;
*5d4b18f3fc3951;
*200009314bca4d;
*a800119f204d74b2cb9c6017ce1b;
*8d4b18f3204d74b2cb9c600e3256;
*200009334bd656;
*2800119f7df3ed;
*8d4b18f399454c02e0c806fc28ba;
*5d4b18f3fc3951;
*8d4b18f399454c02e0c80503c0a8;
*20000934b40672;
*8d4b18f3584b54fa643fd876ed99;
*a800119ffffc2d29bffcae83bb51;
*a0000935deea3722633c69e08ed5;
*8d4b18f3584b64fa663fcbc3b8f1;
*8d4b18f399454b02e0d4065d9ed0;
*8d4b18f3584bb4fa703f8446aa26;
*5d4b18f3fc3951;
*8d4b18f3584bc1898a6aac404944;
*5d4b18f3fc3951;
*8d4b18f399454b02e0d80615c4d0;
*8d4b18f3204d74b2cb9c600e3256;
*8d4b18f3584bd4fa743f5ed6186d;
*a800119f204d74b2cb9c6017ce1b;
*2000093f4b9e0c;
*8d4b18f3584d0189926a778ebaa4;
*a0000990deda3522a35c6cffe2a8;
*80c18991584d0189926a6a9c035a;
*8d4b18f399454b0300dc06238f55;
*8d4b18f3584d1189926a6a414acf;
*5d4b18f3fc3951;
*200009914d0d3d;
*8d4b18f3584d24fa7e3f1e778c59;
*8d4b18f399454b0300dc06238f55;
*5d4b18f3fc3951;
*5d4b18f3fc3951;
*5d4b18f3fc3951;
*a000099bca380030cc0000b45966;
*a800119ffffc2d297ffcad1cafbc;
*a000099bdeea3122633c67ad81df;
*8d4b18f399454a02e0d807e93a17;
*8d4b18f3584db4fa903e98534785;
*80c1899c584db4fa923e8b297d19;
*8d4b18f399454a02e0d808169a5f;
*2000099cb2b16e;
*a800119f204d74b2cb9c6017ce1b;
*2000099cb2b16e;
*5d4b18f3fc3951;
*a800119f204d74b2cb9c6017ce1b;
*8d4b18f399454a02e0d807e93a17;
*8d4b18f3584de189b06998e1e59e;
*8d4b18f399454a02e0d4085ec05f;
*8d4b18f3584df189b2698b35e936;
*5d4b18f3fc3951;
*8d4b18f399454a02e0d407a16017;
*8d4b18f3584f14fa9e3e3819a99f;
*8d4b18f399454a02e0d007995617;
*8d4b18f3584f24faa03e2b6d37c2;
*8d4b18f3204d74b2cb9c600e3256;
*8d4b18f399454a02e0cc08ce745f;
*8d4b18f3584f3189ba6949f24a21;
*5d4b18f3fc3951;
*8d4b18f399454a02e0cc0731d417;
*8d4b18f399454a02e0cc06ce201e;
*5d4b18f3fc3951;
*80c189b6584f5189be69352ae8ad;
*8d4b18f3584f6189be693535ee17;
*8d4b18f399454a02e0c40741b817;
*5d4b18f3fc3951;
*200009b74ce8a0;
*5d4b18f3fc3951;
*8d4b18f399454a02e0c006867a1e;
*5d4b18f3fc3951;
*a800119f204d74b2cb9c6017ce1b;
*8d4b18f3584f94faac3dd2f794ca;
*5d4b18f3fc3951;
*8d4b18f399454a0300bc08621dc1;
*8d4b18f3584fe189d068abcb1d32;
*200009beb36cc5;
*5d4b18f3fc3951;
*8d4b18f399454a0300b0062a1380;
*80c189bf584fe4fabc3d5e87c85a;
*5d4b18f3fc3951;
*a800119ffffc2d297ffcaf1cb3a7;
*8d4b18f358510189d8687042d2de;
*8d4b18f399454b0300ac077e6f47;
*5d4b18f3fc3951;
*20000a12a7f56f;
*8d4b18f3585124fac43d254249d7;
*8d4b18f399454b0300a807465947;
*20000a13580166;
*8d4b18f399454b0300a807465947;
*5d4b18f3fc3951;
*8d4b18f358514189e2682e6e6414;
*8d4b18f399454b0300ac077e6f47;
*8d4b18f3204d74b2cb9c600e3256;
*8d4b18f399454b0300ac077e6f47;
*5d4b18f3fc3951;
*8d4b18f358515189e6681468d4ef;
*8d4b18f399454c0300ac07775b2d;
*8d4b18f3585174fad03ccaaeaa7b;
*5d4b18f3fc3951;
*8d4b18f3585184fad23cbe5e4d6e;
*8d4b18f35851a189f267be37f3d5;
*8d4b18f399454c0300b007dfd92d;
*20000a1aa78503;
*20000a1ca7a12e;
*a800119f204d74b2cb9c6017ce1b;
*8d4b18f35851d189fa677cce8ec6;
*8d4b18f399454c0300b007dfd92d;
*8d4b18f35851e189fc676eb37ea3;
*20000a1ea7bd35;
*a800119f204d74b2cb9c6017ce1b;
*8d4b18f399454d0300ac088bf1ab;
*8d4b18f3585304fae83c1d257b9b;
*8d4b18f399454d0300ac077451e3;
*8d4b18f35853118a06672542c180;
*20000a3159dccd;
*8d4b18f399454d0300a808b3c7ab;
*8d4b18f399454f03009c0853783e;
*8d4b18f399454f03009c0853783e;
*5d4b18f3fc3951;
*20000a3b59b0ba;
*a800119f204d74b2cb9c6017ce1b;
*8d4b18f35853b4fb083b332bd546;
*8d4b18f399454f0300980794ee76;
*8d4b18f3204d74b2cb9c600e3256;
*5d4b18f3fc3951;
*20000a3f59888c;
*8d4b18f399455003009407fd7a8c;
*8d4b18f399455003009007c54c8c;
*8d4b18f399455103008c0891640a;
*8d4b18f399455203008808ac4d58;
*20000a975f3f90;
*8d4b18f35855718a466552b472c9;
*8d4b18f399455203008808ac4d58;
*5d4b18f3fc3951;
*8d4b18f399455203008c08947b58;
*8d4b18f35855a18a4e650e51774a;
*8d4b18f3994553030090083ff396;
*5d4b18f3fc3951;
*8d4b18f35855d18a5864cbc6c863;
*20000a9ea0bbf5;
*20000a9f5f4ffc;
*a800119f204d74b2cb9c6017ce1b;
*20000a9f5f4ffc;
*8d4b18f39945540300980846abfc;
*5d4b18f3fc3951;
*8d4b18f35857018a6264804ad58a;
*8d4b18f39945540300980846abfc;
*20000ab15eda0d;
*a0000ab3ca380030cc00000f0cbe;
*a800119fffdc2d2aa00cb292ad1f;
*20000ab35ec616;
*8d4b18f3585734fb503934a0e37b;
*20000ab4a11632;
*8d4b18f35857518a706421871501;
*8d4b18f399455503009c087d9732;
*20000ab6a10a29;
*a800119f204d74b2cb9c6017ce1b;
*8d4b18f399455503009c087d9732;
*a800119f204d74b2cb9c6017ce1b;
*5d4b18f3fc3951;
*a0000abadeda3323e24c4901395f;
*20000abb5eb67a;
*8d4b18f35857b4fb66388e66f792;
*5d4b18f3fc3951;
*8d4b18f35857c18a8663773070bd;
*8d4b18f39945570300980a43a8b5;
*5d4b18f3fc3951;
*8d4b18f39945570300980843b4ae;
*5d4b18f3fc3951;
*5d4b18f3fc3951;
*8d4b18f35859d18aba61f7b2226b;
*5d4b18f3fc3951;
Found 1 device(s):
0: Realtek, RTL2838UHIDIR, SN: 00000001 (currently selected)
Found Rafael Micro R820T tuner
Max available gain is: 49.60
Setting gain to: 49.60
Exact sample rate is: 2000000.052982 Hz
Gain reported by device: 49.60
*5d4c3f2c32b52f;
*5d4c3f2c32b52f;
*8d4c3f2c580d150a6840f738f414;
*a8000ab52065541a360820deda35;
*200001913a46e2;
*a00001912065541a3608206d3bd0;
*a8000ab5fe812300000000adf2a9;
*8d4c3f2c580d2199c46c332349a2;
*02410192951e1a;
*5d4c3f2c32b52f;
*5d4c3f2c32b52f;
*8d4c3f2c580d3199c46c2aec81ff;
*8d4c3f2cf8010002004ab8a4ce71;
*a8000ab52065541a360820deda35;
*8d4c3f2c998ca680a0a4070f4638;
*80410194580d3199c26c23b54102;
*8d4c3f2c580d450a6640dd891d3d;
*5d4c3f2c32b52f;
*8d4c3f2c580d450a6640d6768543;
*200001953a7ed4;
*8d4c3f2c998ca680c0a007f8f443;
*8d4c3f2c580d550a6440cda2f987;
*20280196ee48e7;
*a8280ab510030a80e500004134b4;
*5f4c3f2c654f89;
*8f4c3f2c998ca780e0a80881ac1c;
*80618196580d650a6440ca18f5fc;
*a8280ab52065541a360820571097;
*20280196ee48e7;
*8f4c3f2c580d6199c06c0898f0c0;
*5f4c3f2c654f89;
*8f4c3f2c998ca780e0a8077e0c54;
*8f4c3f2cea07e876e15c08113dbb;
*20280198ee1ca6;
*8f4c3f2c580d8199c06bf86e0dc1;
*8f4c3f2c998ca88100ac075925cb;
*8f4c3f2c2265541a3608205dd44e;
*8f4c3f2c580d950a6240ac7b74a1;
*8f4c3f2cea081876e15c0865e6c3;
*8f4c3f2c998ca88120b408734daa;
*a8280ab580dbe31520045602dc15;
*a028019adac95310629c5757d0c7;
*a028019a10030a80e50000788235;
*a8280ab52065541a360820571097;
*8f4c3f2c580da50a6040a2317d42;
*5f4c3f2c654f89;
*8f4c3f2c998ca88120b4078cede2;
*0261819bd6f672;
*5f4c3f2c654f89;
*8f4c3f2ce10ab500000000c0dde4;
*a8280ab510030a80e500004134b4;
*8f4c3f2c998caa8120a408958036;
*8f4c3f2c580dd199ba6bc505457b;
*5f4c3f2c654f89;
*8f4c3f2c998caa8120a4076a207e;
*5f4c3f2c654f89;
*8f4c3f2c998cab8120a408968af8;
*0261819fd6ce44;
*0261819fd6ce44;
*5f4c3f2c654f89;
*a8280ab52065541a360820571097;
*8f4c3f2c580df199b86bb482e238;
*5f4c3f2c654f89;
*5f4c3f2c654f89;
*2028019f11cc82;
*5f4c3f2c654f89;
*5f4c3f2c654f89;
*5f4c3f2c654f89;
*8f4c3f2c580f050a5a406ad6c8d9;
*8f4c3f2c998cab81409c07085ec2;
*5f4c3f2c654f89;
*5f4c3f2c654f89;
*a8280ab52065541a360820571097;
*5f4c3f2c654f89;
*8f4c3f2c2265541a3608205dd44e;
*a02801b287d41ef0cc0000ddb261;
*a8280ab5fefbdd157fb45a584897;
*a02801b2da495d1122844c376bc1;
*a02801b210030a80e50000555f3f;
*a8280ab52065541a360820571097;
*5f4c3f2c654f89;
*202801b2efb161;
*8f4c3f2c580f250a58404f523414;
*8f4c3f2c998cad81809808a50ad1;
*8f4c3f2cea09d876e15c0828e058;
*a8280ab52065541a360820571097;
*202801b4ef954c;
*8f4c3f2c998cad818098075aaa99;
*8f4c3f2ce10ab500000000c0dde4;
*5f4c3f2c654f89;
*8f4c3f2c580f450a56403fb127d2;
*8f4c3f2cf8210002004ab8b05a58;
*806181b5580f5199b26b7901e244;
*5f4c3f2c654f89;
*8f4c3f2c580f550a54403465bbce;
*5f4c3f2c654f89;
*026601b50f5e60;
*5f4c3f2c654f89;
*5f4c3f2c654f89;
*5f4c3f2c654f89;
*202801b5106145;
*8f4c3f2cea09d876e15c0828e058;
*a8280ab52065541a360820571097;
*8f4c3f2c998caf81809c089b294d;
*5f4c3f2c654f89;
*026181b6288b91;
*026181b6288b91;
*5f4c3f2c654f89;
*5f4c3f2c654f89;
*5f4c3f2c654f89;
*202801b7107d5e;
*a8280ab52065541a360820571097;
*8f4c3f2c580f7199ac6b5a02cc59;
*a02801ba89cc1ef0cc0000055b03;
*5f4c3f2c654f89;
*8f4c3f2cea09d876d35c08ab70e3;
*5f4c3f2c654f89;
*8f4c3f2c998cb18180a807a0e738;
*8f4c3f2c580fb50a4c3ff70c11b6;
*8f4c3f2c998cb18180ac08677170;
*8f4c3f2c580fc199a86b2c1c7d51;
*a8280ab52065541a360820571097;
*202801bcefe520;
*8f4c3f2c580fd199a66b25910e5a;
*5f4c3f2c654f89;
*5f4c3f2c654f89;
*202801beeff93b;
*8f4c3f2cea09d876d35c08ab70e3;
*8f4c3f2c580fe50a483fd8373e2a;
*5f4c3f2c654f89;
*a8280ab52065541a360820571097;
*026182143c467a;
*200002152f6e94;
*a8000ab52065541a360820deda35;
*5d4c3f2c32b52f;
*8d4c3f2c998cb681e0a4079eefd9;
*8d4c3f2ce10ab500000000703f14;
*28000ab5f9db75;
*8d4c3f2c5811650a3c3f8a1e48b4;
*5d4c3f2c32b52f;
*8d4c3f2c998cb681e0a808291591;
*5d4c3f2c32b52f;
*8d4c3f2c58117199966abc91980c;
*5d4c3f2c32b52f;
*5d4c3f2c32b52f;
*5d4c3f2c32b52f;
*200002172f728f;
*8d4c3f2c998cb681e0a807d6b5d9;
*8d4c3f2cea09d876d35c081b9213;
*5d4c3f2c32b52f;
*8d4c3f2c5811850a383f790a2c23;
*8061821858118199946aae8239ae;
*a8000ab52065541a360820deda35;
*200002192f26ce;
*5d4c3f2c32b52f;
*5d4c3f2c32b52f;
*8d4c3f2c998cb88200b408ca7866;
*5d4c3f2c32b52f;
*a000021a89cc1ef0cc0000ad6d5b;
*a8000ab5803bcb173fec5f81b439;
*5d4c3f2c32b52f;
*8d4c3f2c5811b50a323f552f5a63;
*8d4c3f2cea22a876d35c089adce1;
*2000021cd0eaf1;
*0261821dc3c21f;
*5d4c3f2c32b52f;
*8d4c3f2c5811d1998c6a7e2685e4;
*8d4c3f2cf8210002004ab800b8a8;
*8d4c3f2c5811f199886a6b8fa1c7;
*8d4c3f2c998cbb8200ac085fd334;
*5d4c3f2c32b52f;
*8d4c3f2cea31b876d35c08e72f56;
*8d4c3f2c5813150a2a3f1f912188;
*5d4c3f2c32b52f;
*8d4c3f2c998cbb8200b008f75134;
*5d4c3f2c32b52f;
*20000232d17f00;
*a8000ab52065541a360820deda35;
*8d4c3f2c998cbb8200b00708f17c;
*5d4c3f2c32b52f;
*8d4c3f2c58132199826a4699e2ea;
*a000023389cc1ef0cc0000fe6a73;
*a8000ab5801bcb177ff462c11389;
*a0000233da197712a2bc5698deb2;
*8d4c3f2cf8210002004ab800b8a8;
*20000234d15b2d;
*20000234d15b2d;
*28000ab5f9db75;
*8d4c3f2c5813450a243efed5d8ff;
*8d4c3f2c990cbc8220b8085ab208;
*8d4c3f2c5813650a203eec832cf8;
*20000238d11377;
*806182395813950a1e3ed60ac999;
*8d4c3f2c5813950a1c3ed2aa474d;
*8d4c3f2c990cbd8220c0088bc0dd;
*5d4c3f2c32b52f;
*5d4c3f2c32b52f;
*8d4c3f2cea32e876d35c08f5ae09;
*2000023ad10f6c;
*8d4c3f2c5813a50a1c3ecb04d6d0;
*8d4c3f2c5813b1997669f7f78de0;
*8061823b5813b1997469f3aab770;
*28000ab5f9db75;
*2000023cd12b41;
*8d4c3f2c990cbe8220c4074949c7;
*8d4c3f2c5813c1997469ec801b64;
*a8000ab5807bc917fff465c1bdfe;
*a000023cda29831362ec602c088c;
*5d4c3f2c32b52f;
*8d4c3f2c990cbf8220bc08679b5a;
*8d4c3f2c5813d1997269e09c0658;
*8d4c3f2cf8210002004ab800b8a8;
*5d4c3f2c32b52f;
*8d4c3f2c5813e50a143ea25501ed;
*8d4c3f2cea32e876d35c08f5ae09;
*5d4c3f2c32b52f;
*5d4c3f2c32b52f;
*20000290d7a46b;
*5d4c3f2c32b52f;
*8d4c3f2c5815050a103e8f7b9c34;
*028182901ef85a;
*5d4c3f2c32b52f;
*8d4c3f2ce10ab500000000703f14;
*20000293284c79;
*8d4c3f2cea32e876f55c089c2ba6;
*808182955815550a0a3e62ebd08b;
*20000296d78046;
*8d4c3f2cea32e866f55c0823e28d;
*8d4c3f2c998cc58100c00757cce6;
*8d4c3f2c5817050a023df847ac27;
*8d4c3f2c998cc68060c008490ad4;
*5d4c3f2c32b52f;
*5d4c3f2c32b52f;
*200002b6d641f6;
*5d4c3f2c32b52f;
*5d4c3f2c32b52f;
*8d4c3f2cf8210002004ab800b8a8;
*8d4c3f2c5817750a043dbafb8c7a;
*5d4c3f2c32b52f;
*8d4c3f2cea32e866f55c0823e28d;
*5d4c3f2c32b52f;
*5d4c3f2c32b52f;
*028182b9e0bd8f;
*8d4c3f2c5817950a043da6225db1;
*a00002b9b2c80030aa0000bdbeb6;
*a8000ab583bc0d19207c6920efdb;
*a00002b9dc898f1422ec5e756f0a;
*8d4c3f2c998cc900c0bc081cdb36;
*200002bad609ac;
*200002bad609ac;
*28000ab5f9db75;
*8d4c3f2c5817a50a063d9b969d28;
*8d4c3f2c5817b1996268bec4e22b;
*5d4c3f2c32b52f;
*8d4c3f2c998cca0100b8099507c1;
*8d4c3f2c5817b1996268b6c49247;
*200002bcd62d81;
*8d4c3f2cf8210002004ab800b8a8;
*8d4c3f2c2265541a360820ed36be;
*8d4c3f2c998cca0120c0090203f3;
*8d4c3f2c5817c50a083d7f7250c0;
*028182bde085b9;
*8d4c3f2c998cca0120c0070257b2;
*5d4c3f2c32b52f;
*8d4c3f2c5817e19964689a1bfd4b;
*8d4c3f2cea32e866f55c0823e28d;
*8d4c3f2c998ccb0140c408094f4f;
*5d4c3f2c32b52f;
*a8000ab52065541a360820deda35;
*5d4c3f2c32b52f;
*8081831058190199666886b04b0d;
*5d4c3f2c32b52f;
*8d4c3f2ce10ab500000000703f14;
*28000ab5f9db75;
*20000312deb330;
*8d4c3f2cea32e866e95c08a75591;
*0281831217ef01;
*5d4c3f2c32b52f;
*808183135819350a0e3d40a35ca6;
*8d4c3f2c581931996a6869434eb5;
*a8000ab52065541a360820deda35;
*5d4c3f2c32b52f;
*8d4c3f2c581951996c6855cd3441;
*8d4c3f2c998ccd01a0c007e16775;
*5d4c3f2c32b52f;
*8d4c3f2c581961996e6848783568;
*8d4c3f2c2265541a360820ed36be;
*5d4c3f2c32b52f;
*8d4c3f2c998cce01a0c0081bd86f;
*20000318dedf47;
*a8000ab52065541a360820deda35;
*5d4c3f2c32b52f;
*8d4c3f2c5819850a163d08baa631;
*28000ab5f9db75;
*2000031adec35c;
*a8000ab52065541a360820deda35;
*8d4c3f2ce10ab500000000703f14;
*8d4c3f2c998ccf01c0c408ef60da;
*0281831c17bb40;
*5d4c3f2c32b52f;
*8d4c3f2c5819f1997867f29fb048;
*a8000ab52065541a360820deda35;
*20000330df6e9b;
*8d4c3f2c581b11997c67dd9a41d0;
*8d4c3f2c990cd101e0c409e6ebb1;
*8d4c3f2cea32e866e95c08a75591;
*5d4c3f2c32b52f;
*8d4c3f2cea32e866e95c08a75591;
*20000396d98dc6;
*8d4c3f2c990cd701e0c40813211c;
*5d4c3f2c32b52f;
*5d4c3f2c32b52f;
*5d4c3f2c32b52f;
*20000398d9d987;
*80818399581d91999c66e2ee8214;
*8d4c3f2c990cd901e0c4080149c8;
*8d4c3f2c581da50a423baeb2acb0;
*8d4c3f2cea32e866e95c08a75591;
*8d4c3f2c581dc50a443ba23df72c;
*a8000ab52065541a360820deda35;
*8d4c3f2c581dd199a266b7ef6968;
*5d4c3f2c32b52f;
*5d4c3f2c32b52f;
*8d4c3f2c990cdb01e0c009c09e5d;
*8d4c3f2c581df50a483b80342cab;
*5d4c3f2c32b52f;
*5d4c3f2c32b52f;
*a8000ab52065541a360820deda35;
*8d4c3f2cea32e866e95c08a75591;
*5d4c3f2c32b52f;
*5d4c3f2c32b52f;
*8d4c3f2c581f150a4c3b6aca94ac;
*200003b2d87440;
*a00003b2b2c80030aa0000ef3d9b;
*a8000ab5803c2b1ba00c755e7642;
*a00003b2dcb9b316a2fc5fc901fc;
*8d4c3f2c581f3199aa66754993bf;
Found 1 device(s):
0: Realtek, RTL2838UHIDIR, SN: 00000001 (currently selected)
Found Rafael Micro R820T tuner
Max available gain is: 49.60
Setting gain to: 49.60
Exact sample rate is: 2000000.052982 Hz
Gain reported by device: 49.60
*8d50839c602fc19a9662cb478192;
*8d50839c99413e11887c0661cf74;
*8d50839c602fc19aa262d7e8402d;
*8d50839c602fb50b5237e44efa84;
*8d50839c20055271d368208bd777;
*8d50839c99413e11887c0661cf74;
*8d50839c99413e1188780659f974;
*5d50839cdff3b6;
*8d50839c602f719b06634a86a51c;
*200005b71f29cf;
*8d50839c99413c118878065fece8;
*5d50839cdff3b6;
*02a185b1932dfa;
*8d50839c602f150c2e38db693c33;
*8d50839c99413c116878067a6c3e;
*8d50839c602df19bc46420bad462;
*a800003120055271d368203a6f18;
*a000059e87d00030cc00000a3570;
*8d50839c602de19bd0642d9fd1c5;
*8d50839c99413c116878067a6c3e;
*8d50839c602de50c7a3931fe9916;
*02a1859b92803d;
*5d50839cdff3b6;
*8d50839c99413b11487c060e127d;
*8d50839c99413b11487c060e127d;
*8d50839c602d919c4a64b79aa584;
*a80000318052f52ae014a6492cae;
*a0000598955a51207e07c4574512;
*02a185986d682f;
*8d50839c602d850cf239b7def71e;
*8d50839c602d850cfe39c47a4e08;
*8d50839c602d750d0839d06c835c;
*8d50839c99413b11287c06c19606;
*a800003120055271d368203a6f18;
*02a185966d3c6e;
*5d50839cdff3b6;
*20000596e11c76;
*a800003120055271d368203a6f18;
*8d50839c602d519c96650fce94aa;
*8d50839c602d319cce654ea817c9;
*5d50839cdff3b6;
*02a1859392f051;
*200005931ed049;
*8d50839c602d250d7e3a56b591bc;
*5d50839cdff3b6;
*280000318e2e33;
*200005911ecc52;
*a800003120055271d368203a6f18;
*8d50839c602d119d04658d0c289d;
*02a185906d1843;
*a800003120055271d368203a6f18;
*8d50839c602d050db43a933a7796;
*8d50839c994139110868065a11b3;
*02a1853f947f7b;
*a800003120055271d368203a6f18;
*8d50839c994139110868065a11b3;
*8d50839c602bf19d3a65cb325d59;
*8d50839c99413811086806591b7d;
*8d50839c602be19d4665d7496a5c;
*02a1853e6b8b72;
*2000053ee7ab6a;
*8d50839c99413811086805a6f36f;
*5d50839cdff3b6;
*02a1853c6b9769;
*2000053ce7b771;
*8d50839c99413711086805b79175;
*8d50839c602bc50e203b0c36c2f4;
*02a1853c6b9769;
*8d50839c99413711086806487967;
*8d50839c602bb50e2a3b18d05630;
*2000053b186755;
*8d50839c602bb50e343b244e209c;
*8d50839c99413710e868064604e2;
*8d50839c602ba19db26654aeb44c;
*a800003120055271d368203a6f18;
*2000053ae7935c;
*5d50839cdff3b6;
*8d50839c99413610e86805bae63e;
*2000053ae7935c;
*02a185386baf5f;
*20000537182f0f;
*a800003120055271d368203a6f18;
*8d50839c99413510e86805bff96c;
*8d50839c602b719e1466c32188ee;
*8d50839c99413510c864064d3757;
*8d50839c602b519e3466e8fbf4c9;
*a800003120055271d368203a6f18;
*20000535183314;
*8d50839c99413410c864064e3d99;
*5d50839cdff3b6;
*8d50839c99413410c864064e3d99;
*20000534e7c71d;
*a8000031ff92f729fffca1edb965;
*a0000534951a431f7e77d282a7cc;
*8d50839c602b450ef43bfd3ce8d7;
*8d50839c99413410c864064e3d99;
*8d50839c602b350efe3c080aec8a;
*8d50839c20055271d368208bd777;
*a800003120055271d368203a6f18;
*8d50839c99413410c864064e3d99;
*8d50839c602b319e80673e173fcc;
*8d50839c99413310c860067f3ff3;
*8d50839c99413310c85806d1cffa;
*8d50839c602b250f343c44078076;
*02a18531942b3a;
*a800003120055271d368203a6f18;
*8d50839c99413210c85405657726;
*5d50839cdff3b6;
*8d50839c99413210c854069a9f34;
*a800003120055271d368203a6f18;
*8d50839c99413210c854069a9f34;
*20000530e7ff2b;
*5d50839cdff3b6;
*8d50839c602b050f5e3c74dd762f;
*8d50839c99413210c850055d4126;
*a000053094fa411f3ee7de4d8417;
*8d50839c602b019ee067ac8eb494;
*8d50839c99413210c85006a2a934;
*a800003120055271d368203a6f18;
*5d50839cdff3b6;
*8d50839c602b019eea67b8fb66f0;
*8d50839c99413210c84805cdf526;
*280000318e2e33;
*8d50839c6029f50f883ca34bef9e;
*02a1851f95becb;
*a800003120055271d368203a6f18;
*8d50839c99413210c84806321d34;
*8d50839c6029f50f923cafe3e95e;
*8d50839c99413110c84805c8ea74;
*a800003120055271d368203a6f18;
*8d50839c6029e50fa83cc73c45b1;
*2000051ee66ada;
*a800003120055271d368203a6f18;
*02a1851e6a4ac2;
*8d50839c6029d19f4c68256c382e;
*5d50839cdff3b6;
*8d50839c99413010c844067c52a8;
*a800003120055271d368203a6f18;
*8d50839c99413010c8440583baba;
*02a1851c6a56d9;
*8d50839c6029c50ffc3d2536a4bc;
*8d50839c99412f10c840059a4240;
*8d50839c6029c19f8268628260fb;
*02a1851c6a56d9;
*a800003120055271d368203a6f18;
*8d50839c20055271d368208bd777;
*2000051ce676c1;
*5d50839cdff3b6;
*8d50839c99412f10c840059a4240;
*5d50839cdff3b6;
*2000051b19a6e5;
*02a1851b9586fd;
*a800003120055271d368203a6f18;
*8d50839c99412f10c8400665aa52;
*8d50839c6029b510323d60b72f31;
*8d50839c99412e10c84405a17e8e;
*02a1851b9586fd;
*2000051b19a6e5;
*5d50839cdff3b6;
*8d50839c99412e10c84405a17e8e;
*2000051ae652ec;
*8d50839c99412e10c844065e969c;
*8d50839c6029a19fcc68b6ed7429;
*2000051ae652ec;
*02a1851a6a72f4;
*a8000031ffd2f3293ffc9ec8f639;
*a000051a94da3b1ebef7e16b3e12;
*8d50839c60298510a63de11e3961;
*5d50839cdff3b6;
*8d50839c602981a02e6922f7954f;
*8d50839c602971a038692eefb52a;
*a800003120055271d368203a6f18;
*2000051719eebf;
*8d50839c602961a062695eff0d0a;
*8d50839c99412c10a8480520b569;
*5d50839cdff3b6;
*8d50839c60296510fa3e3e20dcd6;
*02a185166a3aae;
*20000516e61ab6;
*8d50839c99412c10a8480520b569;
*5d50839cdff3b6;
*02a1851395f691;
*8d50839c602931a0ce69d503075c;
*02a1851395f691;
*8d50839c99412a10a848052a8bcd;
*20000512e62280;
*8d50839c60291511963eec0a6931;
*02a1851195ea8a;
*8d50839c99412910a84806d07c8d;
*a800003120055271d368203a6f18;
*2000051119ca92;
*5d50839cdff3b6;
*02a185106a1e83;
*a00004bf94da331e3ed7ddb3a736;
*280000318e2e33;
*5d50839cdff3b6;
*8d50839c6027f1a1626a7b1afc7c;
*8d50839c6027f1a1726a8dc23889;
*a800003120055271d368203a6f18;
*02a184be628032;
*200004beeea02a;
*8d50839c6027e512083f6a8ba7f0;
*8d50839c6027d1a1a26ac2e2fa8e;
*8d50839c99412610684c05663c7a;
*200004bd114838;
*8d50839c6027d5123c3fa38e3a28;
*8d50839c99412610684c0699d468;
*a800003120055271d368203a6f18;
*8d50839c99412510684c05632328;
*8d50839c6027c1a1e06b0849e2e9;
*02a184bb9d4c0d;
*200004bb116c15;
*8d50839c99412510684c069ccb3a;
*a800003120055271d368203a6f18;
*8d50839c99412510684c05632328;
*5d50839cdff3b6;
*200004bb116c15;
*8d50839c99412410684c056029e6;
*8d50839c6027a1a20a6b37380420;
*8d50839c99412410484c052555cf;
*5d50839cdff3b6;
*02a184b99d5016;
*200004b911700e;
*8d50839c99412310484c052c61a5;
*8d50839c99412310484c06d389b7;
*5d50839cdff3b6;
*02a184b862a41f;
*a800003120055271d368203a6f18;
*8d50839c602781a2526b8899c44a;
*8d50839c99412310484c052c61a5;
*02a184b862a41f;
*8d50839c60278512e0405965fe8f;
*5d50839cdff3b6;
*02a184b862a41f;
*8d50839c99412010284c05e6fa8c;
*200004b4eecc5d;
*02a184b462ec45;
*8d50839c602745136640eb36e5cd;
*8d50839c99412010084c05a386a5;
*8d50839c99411f10084c05e3119f;
*5d50839cdff3b6;
*02a184b262c868;
*8d50839c20055271d368208bd777;
*a800003120055271d368203a6f18;
*200004b2eee870;
*8d50839c99c11f10084c0572d6e0;
*8d50839c60272513a2412e37e669;
*5d50839cdff3b6;
*8d50839c60272513ac41398a8d1b;
*02a184b262c868;
*a80000318012f127200496570d34;
*a00004b194da211d3ed7dd090878;
*8d50839c602711a34a6c9c611886;
*280000318e2e33;
*8d50839c99c11e0fe84c059879fb;
*5d50839cdff3b6;
*8d50839c60270513de41701ebb37;
*8d50839c99c11e0fe84805a04ffb;
*8d50839c99c11d0fe848065ab8bb;
*02a1849f9cb58b;
*8d50839c20055271d368208bd777;
*2000049eef619a;
*280000318e2e33;
*02a1849e634182;
*8d50839c99c11c0fc84805e3264e;
*8d50839c6025e5143841d40e0efc;
*a000049e85e00030cc00009c576f;
*a8000031fff2f126e004953fbe35;
*5d50839cdff3b6;
*02a1849b9c8dbd;
*a000049a94da171c7ed7df5d698a;
*02a1849a6379b4;
*5d50839cdff3b6;
*2000049710e5ff;
*02a184966331ee;
*5d50839cdff3b6;
*8d50839c9941180f884805f4325b;
*8d50839c9941170f884405ad0a41;
*8d50839c9941170f884405ad0a41;
*02a184939cfdd1;
*8d50839c9941170f884405ad0a41;
*20000492ef29c0;
*8d50839c60252515de43aa8a473f;
*8d50839c60251515e843b5903330;
*8d50839c60251515f243bf3811dd;
*8d50839c9941150f6844058e9f0b;
*8d50839c602501a5986f33f16274;
*5d50839cdff3b6;
*8d50839c9941140f484405c8e9ec;
*8d50839c6023e1a5e86f8cfd94c1;
*8d50839c20055271d368208bd777;
*8d50839c9941130f284005366ffd;
*8d50839c6023c516a8448bfbdd20;
*2000043ce9baf1;
*2000043ce9baf1;
*a800003120055271d368203a6f18;
*2000043ce9baf1;
*8d50839c9941120f284005356533;
*a000043a94ea071b7effe34fb571;
*02a1843a65bec4;
*5d50839cdff3b6;
*2000043ae99edc;
*02a1843665f69e;
*02a1843665f69e;
*5d50818d3cfc67;
*5d50818d3cfc67;
*5d50818d3cfc67;
*5d50818d3cfc67;
*200005b71f2bde;
*280007b85c8e07;
*200005b71f2bde;
*5d50818d3cfc67;
*02a185b59317dd;
